<?xml version="1.0" encoding="UTF-8"?>
<robot generator="Robot 7.2.2 (Python 3.10.7 on win32)" generated="2025-08-02T00:02:21.566594" rpa="false" schemaversion="5">
<suite id="s1" name="Mongo Tests" source="C:\Users\LENOVO\Desktop\M1 GL\QA TEST\examen\lab1\testcases\mongo_tests.robot">
<test id="s1-t1" name="Create Product - Valid" line="9">
<kw name="Connect To DB" owner="common">
<kw name="Connect To DB" owner="common">
<kw name="Connect To DB" owner="common">
<kw name="Connect To DB" owner="common">
<kw name="Connect To DB" owner="common">
<kw name="Connect To DB" owner="common">
<kw name="Connect To DB" owner="common">
<kw name="Connect To DB" owner="common">
<kw name="Connect To DB" owner="common">
<kw name="Connect To DB" owner="common">
<kw name="Connect To DB" owner="common">
<kw name="Connect To DB" owner="common">
<kw name="Connect To DB" owner="common">
<kw name="Connect To DB" owner="common">
<kw name="Connect To DB" owner="common">
<kw name="Connect To DB" owner="common">
<kw name="Connect To DB" owner="common">
<kw name="Connect To DB" owner="common">
<kw name="Connect To DB" owner="common">
<kw name="Connect To DB" owner="common">
<kw name="Connect To DB" owner="common">
<kw name="Connect To DB" owner="common">
<kw name="Connect To DB" owner="common">
<kw name="Connect To DB" owner="common">
<kw name="Connect To DB" owner="common">
<kw name="Connect To DB" owner="common">
<kw name="Connect To DB" owner="common">
<kw name="Connect To DB" owner="common">
<kw name="Connect To DB" owner="common">
<kw name="Connect To DB" owner="common">
<kw name="Connect To DB" owner="common">
<kw name="Connect To DB" owner="common">
<kw name="Connect To DB" owner="common">
<kw name="Connect To DB" owner="common">
<kw name="Connect To DB" owner="common">
<kw name="Connect To DB" owner="common">
<kw name="Connect To DB" owner="common">
<kw name="Connect To DB" owner="common">
<kw name="Connect To DB" owner="common">
<kw name="Connect To DB" owner="common">
<kw name="Connect To DB" owner="common">
<kw name="Connect To DB" owner="common">
<kw name="Connect To DB" owner="common">
<kw name="Connect To DB" owner="common">
<kw name="Connect To DB" owner="common">
<kw name="Connect To DB" owner="common">
<kw name="Connect To DB" owner="common">
<kw name="Connect To DB" owner="common">
<kw name="Connect To DB" owner="common">
<kw name="Connect To DB" owner="common">
<kw name="Connect To DB" owner="common">
<kw name="Connect To DB" owner="common">
<kw name="Connect To DB" owner="common">
<kw name="Connect To DB" owner="common">
<kw name="Connect To DB" owner="common">
<kw name="Connect To DB" owner="common">
<kw name="Connect To DB" owner="common">
<kw name="Connect To DB" owner="common">
<kw name="Connect To DB" owner="common">
<kw name="Connect To DB" owner="common">
<kw name="Connect To DB" owner="common">
<kw name="Connect To DB" owner="common">
<kw name="Connect To DB" owner="common">
<kw name="Connect To DB" owner="common">
<kw name="Connect To DB" owner="common">
<kw name="Connect To DB" owner="common">
<kw name="Connect To DB" owner="common">
<kw name="Connect To DB" owner="common">
<kw name="Connect To DB" owner="common">
<kw name="Connect To DB" owner="common">
<kw name="Connect To DB" owner="common">
<kw name="Connect To DB" owner="common">
<kw name="Connect To DB" owner="common">
<kw name="Connect To DB" owner="common">
<kw name="Connect To DB" owner="common">
<kw name="Connect To DB" owner="common">
<kw name="Connect To DB" owner="common">
<kw name="Connect To DB" owner="common">
<kw name="Connect To DB" owner="common">
<kw name="Connect To DB" owner="common">
<kw name="Connect To DB" owner="common">
<kw name="Connect To DB" owner="common">
<kw name="Connect To DB" owner="common">
<kw name="Connect To DB" owner="common">
<kw name="Connect To DB" owner="common">
<kw name="Connect To DB" owner="common">
<kw name="Connect To DB" owner="common">
<kw name="Connect To DB" owner="common">
<kw name="Connect To DB" owner="common">
<kw name="Connect To DB" owner="common">
<kw name="Connect To DB" owner="common">
<kw name="Connect To DB" owner="common">
<kw name="Connect To DB" owner="common">
<kw name="Connect To DB" owner="common">
<kw name="Connect To DB" owner="common">
<kw name="Connect To DB" owner="common">
<kw name="Connect To DB" owner="common">
<kw name="Connect To DB" owner="common">
<kw name="Connect To DB" owner="common">
<kw name="Connect To DB" owner="common">
<kw name="Connect To DB" owner="common">
<kw name="Connect To DB" owner="common">
<kw name="Connect To DB" owner="common">
<kw name="Connect To DB" owner="common">
<kw name="Connect To DB" owner="common">
<kw name="Connect To DB" owner="common">
<kw name="Connect To DB" owner="common">
<kw name="Connect To DB" owner="common">
<kw name="Connect To DB" owner="common">
<kw name="Connect To DB" owner="common">
<kw name="Connect To DB" owner="common">
<kw name="Connect To DB" owner="common">
<kw name="Connect To DB" owner="common">
<kw name="Connect To DB" owner="common">
<kw name="Connect To DB" owner="common">
<kw name="Connect To DB" owner="common">
<kw name="Connect To DB" owner="common">
<kw name="Connect To DB" owner="common">
<kw name="Connect To DB" owner="common">
<kw name="Connect To DB" owner="common">
<kw name="Connect To DB" owner="common">
<kw name="Connect To DB" owner="common">
<kw name="Connect To DB" owner="common">
<kw name="Connect To DB" owner="common">
<kw name="Connect To DB" owner="common">
<kw name="Connect To DB" owner="common">
<kw name="Connect To DB" owner="common">
<kw name="Connect To DB" owner="common">
<kw name="Connect To DB" owner="common">
<kw name="Connect To DB" owner="common">
<kw name="Connect To DB" owner="common">
<kw name="Connect To DB" owner="common">
<kw name="Connect To DB" owner="common">
<kw name="Connect To DB" owner="common">
<kw name="Connect To DB" owner="common">
<kw name="Connect To DB" owner="common">
<kw name="Connect To DB" owner="common">
<kw name="Connect To DB" owner="common">
<kw name="Connect To DB" owner="common">
<kw name="Connect To DB" owner="common">
<kw name="Connect To DB" owner="common">
<kw name="Connect To DB" owner="common">
<kw name="Connect To DB" owner="common">
<kw name="Connect To DB" owner="common">
<kw name="Connect To DB" owner="common">
<kw name="Connect To DB" owner="common">
<kw name="Connect To DB" owner="common">
<msg time="2025-08-02T00:02:21.916640" level="FAIL">Recursive execution stopped.</msg>
<var>${result}</var>
<arg>${db_uri}</arg>
<arg>${db_name}</arg>
<status status="FAIL" start="2025-08-02T00:02:21.916640" elapsed="0.000000">Recursive execution stopped.</status>
</kw>
<return>
<value>${result}</value>
<status status="NOT RUN" start="2025-08-02T00:02:21.916640" elapsed="0.000000"/>
</return>
<var>${result}</var>
<arg>${db_uri}</arg>
<arg>${db_name}</arg>
<status status="FAIL" start="2025-08-02T00:02:21.916640" elapsed="0.000000">Recursive execution stopped.</status>
</kw>
<return>
<value>${result}</value>
<status status="NOT RUN" start="2025-08-02T00:02:21.916640" elapsed="0.000000"/>
</return>
<var>${result}</var>
<arg>${db_uri}</arg>
<arg>${db_name}</arg>
<status status="FAIL" start="2025-08-02T00:02:21.916640" elapsed="0.000000">Recursive execution stopped.</status>
</kw>
<return>
<value>${result}</value>
<status status="NOT RUN" start="2025-08-02T00:02:21.916640" elapsed="0.000000"/>
</return>
<var>${result}</var>
<arg>${db_uri}</arg>
<arg>${db_name}</arg>
<status status="FAIL" start="2025-08-02T00:02:21.916640" elapsed="0.000000">Recursive execution stopped.</status>
</kw>
<return>
<value>${result}</value>
<status status="NOT RUN" start="2025-08-02T00:02:21.916640" elapsed="0.000000"/>
</return>
<var>${result}</var>
<arg>${db_uri}</arg>
<arg>${db_name}</arg>
<status status="FAIL" start="2025-08-02T00:02:21.916640" elapsed="0.000000">Recursive execution stopped.</status>
</kw>
<return>
<value>${result}</value>
<status status="NOT RUN" start="2025-08-02T00:02:21.916640" elapsed="0.000000"/>
</return>
<var>${result}</var>
<arg>${db_uri}</arg>
<arg>${db_name}</arg>
<status status="FAIL" start="2025-08-02T00:02:21.916640" elapsed="0.000000">Recursive execution stopped.</status>
</kw>
<return>
<value>${result}</value>
<status status="NOT RUN" start="2025-08-02T00:02:21.916640" elapsed="0.000000"/>
</return>
<var>${result}</var>
<arg>${db_uri}</arg>
<arg>${db_name}</arg>
<status status="FAIL" start="2025-08-02T00:02:21.916640" elapsed="0.000000">Recursive execution stopped.</status>
</kw>
<return>
<value>${result}</value>
<status status="NOT RUN" start="2025-08-02T00:02:21.916640" elapsed="0.000000"/>
</return>
<var>${result}</var>
<arg>${db_uri}</arg>
<arg>${db_name}</arg>
<status status="FAIL" start="2025-08-02T00:02:21.914124" elapsed="0.002516">Recursive execution stopped.</status>
</kw>
<return>
<value>${result}</value>
<status status="NOT RUN" start="2025-08-02T00:02:21.916640" elapsed="0.000000"/>
</return>
<var>${result}</var>
<arg>${db_uri}</arg>
<arg>${db_name}</arg>
<status status="FAIL" start="2025-08-02T00:02:21.914124" elapsed="0.002516">Recursive execution stopped.</status>
</kw>
<return>
<value>${result}</value>
<status status="NOT RUN" start="2025-08-02T00:02:21.916640" elapsed="0.000000"/>
</return>
<var>${result}</var>
<arg>${db_uri}</arg>
<arg>${db_name}</arg>
<status status="FAIL" start="2025-08-02T00:02:21.911607" elapsed="0.005033">Recursive execution stopped.</status>
</kw>
<return>
<value>${result}</value>
<status status="NOT RUN" start="2025-08-02T00:02:21.916640" elapsed="0.000000"/>
</return>
<var>${result}</var>
<arg>${db_uri}</arg>
<arg>${db_name}</arg>
<status status="FAIL" start="2025-08-02T00:02:21.911607" elapsed="0.015117">Recursive execution stopped.</status>
</kw>
<return>
<value>${result}</value>
<status status="NOT RUN" start="2025-08-02T00:02:21.926724" elapsed="0.000000"/>
</return>
<var>${result}</var>
<arg>${db_uri}</arg>
<arg>${db_name}</arg>
<status status="FAIL" start="2025-08-02T00:02:21.911607" elapsed="0.015117">Recursive execution stopped.</status>
</kw>
<return>
<value>${result}</value>
<status status="NOT RUN" start="2025-08-02T00:02:21.926724" elapsed="0.000000"/>
</return>
<var>${result}</var>
<arg>${db_uri}</arg>
<arg>${db_name}</arg>
<status status="FAIL" start="2025-08-02T00:02:21.911607" elapsed="0.015117">Recursive execution stopped.</status>
</kw>
<return>
<value>${result}</value>
<status status="NOT RUN" start="2025-08-02T00:02:21.926724" elapsed="0.000000"/>
</return>
<var>${result}</var>
<arg>${db_uri}</arg>
<arg>${db_name}</arg>
<status status="FAIL" start="2025-08-02T00:02:21.906530" elapsed="0.020194">Recursive execution stopped.</status>
</kw>
<return>
<value>${result}</value>
<status status="NOT RUN" start="2025-08-02T00:02:21.926724" elapsed="0.000000"/>
</return>
<var>${result}</var>
<arg>${db_uri}</arg>
<arg>${db_name}</arg>
<status status="FAIL" start="2025-08-02T00:02:21.906530" elapsed="0.020194">Recursive execution stopped.</status>
</kw>
<return>
<value>${result}</value>
<status status="NOT RUN" start="2025-08-02T00:02:21.926724" elapsed="0.000000"/>
</return>
<var>${result}</var>
<arg>${db_uri}</arg>
<arg>${db_name}</arg>
<status status="FAIL" start="2025-08-02T00:02:21.906530" elapsed="0.020194">Recursive execution stopped.</status>
</kw>
<return>
<value>${result}</value>
<status status="NOT RUN" start="2025-08-02T00:02:21.926724" elapsed="0.000000"/>
</return>
<var>${result}</var>
<arg>${db_uri}</arg>
<arg>${db_name}</arg>
<status status="FAIL" start="2025-08-02T00:02:21.906530" elapsed="0.020194">Recursive execution stopped.</status>
</kw>
<return>
<value>${result}</value>
<status status="NOT RUN" start="2025-08-02T00:02:21.926724" elapsed="0.000000"/>
</return>
<var>${result}</var>
<arg>${db_uri}</arg>
<arg>${db_name}</arg>
<status status="FAIL" start="2025-08-02T00:02:21.906530" elapsed="0.020194">Recursive execution stopped.</status>
</kw>
<return>
<value>${result}</value>
<status status="NOT RUN" start="2025-08-02T00:02:21.930232" elapsed="0.000000"/>
</return>
<var>${result}</var>
<arg>${db_uri}</arg>
<arg>${db_name}</arg>
<status status="FAIL" start="2025-08-02T00:02:21.906530" elapsed="0.023702">Recursive execution stopped.</status>
</kw>
<return>
<value>${result}</value>
<status status="NOT RUN" start="2025-08-02T00:02:21.930232" elapsed="0.000000"/>
</return>
<var>${result}</var>
<arg>${db_uri}</arg>
<arg>${db_name}</arg>
<status status="FAIL" start="2025-08-02T00:02:21.906530" elapsed="0.023702">Recursive execution stopped.</status>
</kw>
<return>
<value>${result}</value>
<status status="NOT RUN" start="2025-08-02T00:02:21.930232" elapsed="0.000000"/>
</return>
<var>${result}</var>
<arg>${db_uri}</arg>
<arg>${db_name}</arg>
<status status="FAIL" start="2025-08-02T00:02:21.906530" elapsed="0.023702">Recursive execution stopped.</status>
</kw>
<return>
<value>${result}</value>
<status status="NOT RUN" start="2025-08-02T00:02:21.930232" elapsed="0.000000"/>
</return>
<var>${result}</var>
<arg>${db_uri}</arg>
<arg>${db_name}</arg>
<status status="FAIL" start="2025-08-02T00:02:21.906530" elapsed="0.023702">Recursive execution stopped.</status>
</kw>
<return>
<value>${result}</value>
<status status="NOT RUN" start="2025-08-02T00:02:21.930232" elapsed="0.000000"/>
</return>
<var>${result}</var>
<arg>${db_uri}</arg>
<arg>${db_name}</arg>
<status status="FAIL" start="2025-08-02T00:02:21.906530" elapsed="0.023702">Recursive execution stopped.</status>
</kw>
<return>
<value>${result}</value>
<status status="NOT RUN" start="2025-08-02T00:02:21.930232" elapsed="0.000000"/>
</return>
<var>${result}</var>
<arg>${db_uri}</arg>
<arg>${db_name}</arg>
<status status="FAIL" start="2025-08-02T00:02:21.898481" elapsed="0.031751">Recursive execution stopped.</status>
</kw>
<return>
<value>${result}</value>
<status status="NOT RUN" start="2025-08-02T00:02:21.930232" elapsed="0.000000"/>
</return>
<var>${result}</var>
<arg>${db_uri}</arg>
<arg>${db_name}</arg>
<status status="FAIL" start="2025-08-02T00:02:21.898481" elapsed="0.031751">Recursive execution stopped.</status>
</kw>
<return>
<value>${result}</value>
<status status="NOT RUN" start="2025-08-02T00:02:21.930232" elapsed="0.000000"/>
</return>
<var>${result}</var>
<arg>${db_uri}</arg>
<arg>${db_name}</arg>
<status status="FAIL" start="2025-08-02T00:02:21.898481" elapsed="0.031751">Recursive execution stopped.</status>
</kw>
<return>
<value>${result}</value>
<status status="NOT RUN" start="2025-08-02T00:02:21.930232" elapsed="0.000000"/>
</return>
<var>${result}</var>
<arg>${db_uri}</arg>
<arg>${db_name}</arg>
<status status="FAIL" start="2025-08-02T00:02:21.898481" elapsed="0.031751">Recursive execution stopped.</status>
</kw>
<return>
<value>${result}</value>
<status status="NOT RUN" start="2025-08-02T00:02:21.930232" elapsed="0.000000"/>
</return>
<var>${result}</var>
<arg>${db_uri}</arg>
<arg>${db_name}</arg>
<status status="FAIL" start="2025-08-02T00:02:21.898481" elapsed="0.031751">Recursive execution stopped.</status>
</kw>
<return>
<value>${result}</value>
<status status="NOT RUN" start="2025-08-02T00:02:21.930232" elapsed="0.000000"/>
</return>
<var>${result}</var>
<arg>${db_uri}</arg>
<arg>${db_name}</arg>
<status status="FAIL" start="2025-08-02T00:02:21.898481" elapsed="0.031751">Recursive execution stopped.</status>
</kw>
<return>
<value>${result}</value>
<status status="NOT RUN" start="2025-08-02T00:02:21.930232" elapsed="0.000000"/>
</return>
<var>${result}</var>
<arg>${db_uri}</arg>
<arg>${db_name}</arg>
<status status="FAIL" start="2025-08-02T00:02:21.898481" elapsed="0.031751">Recursive execution stopped.</status>
</kw>
<return>
<value>${result}</value>
<status status="NOT RUN" start="2025-08-02T00:02:21.930232" elapsed="0.000000"/>
</return>
<var>${result}</var>
<arg>${db_uri}</arg>
<arg>${db_name}</arg>
<status status="FAIL" start="2025-08-02T00:02:21.898481" elapsed="0.031751">Recursive execution stopped.</status>
</kw>
<return>
<value>${result}</value>
<status status="NOT RUN" start="2025-08-02T00:02:21.930232" elapsed="0.000000"/>
</return>
<var>${result}</var>
<arg>${db_uri}</arg>
<arg>${db_name}</arg>
<status status="FAIL" start="2025-08-02T00:02:21.898481" elapsed="0.031751">Recursive execution stopped.</status>
</kw>
<return>
<value>${result}</value>
<status status="NOT RUN" start="2025-08-02T00:02:21.930232" elapsed="0.000000"/>
</return>
<var>${result}</var>
<arg>${db_uri}</arg>
<arg>${db_name}</arg>
<status status="FAIL" start="2025-08-02T00:02:21.898481" elapsed="0.038297">Recursive execution stopped.</status>
</kw>
<return>
<value>${result}</value>
<status status="NOT RUN" start="2025-08-02T00:02:21.936778" elapsed="0.000000"/>
</return>
<var>${result}</var>
<arg>${db_uri}</arg>
<arg>${db_name}</arg>
<status status="FAIL" start="2025-08-02T00:02:21.898481" elapsed="0.038297">Recursive execution stopped.</status>
</kw>
<return>
<value>${result}</value>
<status status="NOT RUN" start="2025-08-02T00:02:21.936778" elapsed="0.000000"/>
</return>
<var>${result}</var>
<arg>${db_uri}</arg>
<arg>${db_name}</arg>
<status status="FAIL" start="2025-08-02T00:02:21.898481" elapsed="0.038297">Recursive execution stopped.</status>
</kw>
<return>
<value>${result}</value>
<status status="NOT RUN" start="2025-08-02T00:02:21.936778" elapsed="0.000000"/>
</return>
<var>${result}</var>
<arg>${db_uri}</arg>
<arg>${db_name}</arg>
<status status="FAIL" start="2025-08-02T00:02:21.898481" elapsed="0.038297">Recursive execution stopped.</status>
</kw>
<return>
<value>${result}</value>
<status status="NOT RUN" start="2025-08-02T00:02:21.936778" elapsed="0.000000"/>
</return>
<var>${result}</var>
<arg>${db_uri}</arg>
<arg>${db_name}</arg>
<status status="FAIL" start="2025-08-02T00:02:21.898481" elapsed="0.038297">Recursive execution stopped.</status>
</kw>
<return>
<value>${result}</value>
<status status="NOT RUN" start="2025-08-02T00:02:21.936778" elapsed="0.000000"/>
</return>
<var>${result}</var>
<arg>${db_uri}</arg>
<arg>${db_name}</arg>
<status status="FAIL" start="2025-08-02T00:02:21.898481" elapsed="0.038297">Recursive execution stopped.</status>
</kw>
<return>
<value>${result}</value>
<status status="NOT RUN" start="2025-08-02T00:02:21.936778" elapsed="0.000000"/>
</return>
<var>${result}</var>
<arg>${db_uri}</arg>
<arg>${db_name}</arg>
<status status="FAIL" start="2025-08-02T00:02:21.898481" elapsed="0.038297">Recursive execution stopped.</status>
</kw>
<return>
<value>${result}</value>
<status status="NOT RUN" start="2025-08-02T00:02:21.936778" elapsed="0.000000"/>
</return>
<var>${result}</var>
<arg>${db_uri}</arg>
<arg>${db_name}</arg>
<status status="FAIL" start="2025-08-02T00:02:21.896911" elapsed="0.039867">Recursive execution stopped.</status>
</kw>
<return>
<value>${result}</value>
<status status="NOT RUN" start="2025-08-02T00:02:21.936778" elapsed="0.000000"/>
</return>
<var>${result}</var>
<arg>${db_uri}</arg>
<arg>${db_name}</arg>
<status status="FAIL" start="2025-08-02T00:02:21.896911" elapsed="0.039867">Recursive execution stopped.</status>
</kw>
<return>
<value>${result}</value>
<status status="NOT RUN" start="2025-08-02T00:02:21.936778" elapsed="0.000000"/>
</return>
<var>${result}</var>
<arg>${db_uri}</arg>
<arg>${db_name}</arg>
<status status="FAIL" start="2025-08-02T00:02:21.886922" elapsed="0.049856">Recursive execution stopped.</status>
</kw>
<return>
<value>${result}</value>
<status status="NOT RUN" start="2025-08-02T00:02:21.936778" elapsed="0.000000"/>
</return>
<var>${result}</var>
<arg>${db_uri}</arg>
<arg>${db_name}</arg>
<status status="FAIL" start="2025-08-02T00:02:21.886922" elapsed="0.049856">Recursive execution stopped.</status>
</kw>
<return>
<value>${result}</value>
<status status="NOT RUN" start="2025-08-02T00:02:21.936778" elapsed="0.000000"/>
</return>
<var>${result}</var>
<arg>${db_uri}</arg>
<arg>${db_name}</arg>
<status status="FAIL" start="2025-08-02T00:02:21.886922" elapsed="0.049856">Recursive execution stopped.</status>
</kw>
<return>
<value>${result}</value>
<status status="NOT RUN" start="2025-08-02T00:02:21.936778" elapsed="0.000000"/>
</return>
<var>${result}</var>
<arg>${db_uri}</arg>
<arg>${db_name}</arg>
<status status="FAIL" start="2025-08-02T00:02:21.886922" elapsed="0.054932">Recursive execution stopped.</status>
</kw>
<return>
<value>${result}</value>
<status status="NOT RUN" start="2025-08-02T00:02:21.941854" elapsed="0.000000"/>
</return>
<var>${result}</var>
<arg>${db_uri}</arg>
<arg>${db_name}</arg>
<status status="FAIL" start="2025-08-02T00:02:21.886922" elapsed="0.054932">Recursive execution stopped.</status>
</kw>
<return>
<value>${result}</value>
<status status="NOT RUN" start="2025-08-02T00:02:21.941854" elapsed="0.000000"/>
</return>
<var>${result}</var>
<arg>${db_uri}</arg>
<arg>${db_name}</arg>
<status status="FAIL" start="2025-08-02T00:02:21.886922" elapsed="0.054932">Recursive execution stopped.</status>
</kw>
<return>
<value>${result}</value>
<status status="NOT RUN" start="2025-08-02T00:02:21.941854" elapsed="0.000000"/>
</return>
<var>${result}</var>
<arg>${db_uri}</arg>
<arg>${db_name}</arg>
<status status="FAIL" start="2025-08-02T00:02:21.886922" elapsed="0.054932">Recursive execution stopped.</status>
</kw>
<return>
<value>${result}</value>
<status status="NOT RUN" start="2025-08-02T00:02:21.941854" elapsed="0.000000"/>
</return>
<var>${result}</var>
<arg>${db_uri}</arg>
<arg>${db_name}</arg>
<status status="FAIL" start="2025-08-02T00:02:21.886922" elapsed="0.054932">Recursive execution stopped.</status>
</kw>
<return>
<value>${result}</value>
<status status="NOT RUN" start="2025-08-02T00:02:21.941854" elapsed="0.000000"/>
</return>
<var>${result}</var>
<arg>${db_uri}</arg>
<arg>${db_name}</arg>
<status status="FAIL" start="2025-08-02T00:02:21.886922" elapsed="0.054932">Recursive execution stopped.</status>
</kw>
<return>
<value>${result}</value>
<status status="NOT RUN" start="2025-08-02T00:02:21.941854" elapsed="0.000000"/>
</return>
<var>${result}</var>
<arg>${db_uri}</arg>
<arg>${db_name}</arg>
<status status="FAIL" start="2025-08-02T00:02:21.886922" elapsed="0.054932">Recursive execution stopped.</status>
</kw>
<return>
<value>${result}</value>
<status status="NOT RUN" start="2025-08-02T00:02:21.941854" elapsed="0.000000"/>
</return>
<var>${result}</var>
<arg>${db_uri}</arg>
<arg>${db_name}</arg>
<status status="FAIL" start="2025-08-02T00:02:21.886922" elapsed="0.054932">Recursive execution stopped.</status>
</kw>
<return>
<value>${result}</value>
<status status="NOT RUN" start="2025-08-02T00:02:21.941854" elapsed="0.000000"/>
</return>
<var>${result}</var>
<arg>${db_uri}</arg>
<arg>${db_name}</arg>
<status status="FAIL" start="2025-08-02T00:02:21.886922" elapsed="0.054932">Recursive execution stopped.</status>
</kw>
<return>
<value>${result}</value>
<status status="NOT RUN" start="2025-08-02T00:02:21.941854" elapsed="0.000000"/>
</return>
<var>${result}</var>
<arg>${db_uri}</arg>
<arg>${db_name}</arg>
<status status="FAIL" start="2025-08-02T00:02:21.886922" elapsed="0.054932">Recursive execution stopped.</status>
</kw>
<return>
<value>${result}</value>
<status status="NOT RUN" start="2025-08-02T00:02:21.941854" elapsed="0.000000"/>
</return>
<var>${result}</var>
<arg>${db_uri}</arg>
<arg>${db_name}</arg>
<status status="FAIL" start="2025-08-02T00:02:21.886922" elapsed="0.054932">Recursive execution stopped.</status>
</kw>
<return>
<value>${result}</value>
<status status="NOT RUN" start="2025-08-02T00:02:21.941854" elapsed="0.000000"/>
</return>
<var>${result}</var>
<arg>${db_uri}</arg>
<arg>${db_name}</arg>
<status status="FAIL" start="2025-08-02T00:02:21.886922" elapsed="0.054932">Recursive execution stopped.</status>
</kw>
<return>
<value>${result}</value>
<status status="NOT RUN" start="2025-08-02T00:02:21.941854" elapsed="0.000000"/>
</return>
<var>${result}</var>
<arg>${db_uri}</arg>
<arg>${db_name}</arg>
<status status="FAIL" start="2025-08-02T00:02:21.882894" elapsed="0.063505">Recursive execution stopped.</status>
</kw>
<return>
<value>${result}</value>
<status status="NOT RUN" start="2025-08-02T00:02:21.946911" elapsed="0.000000"/>
</return>
<var>${result}</var>
<arg>${db_uri}</arg>
<arg>${db_name}</arg>
<status status="FAIL" start="2025-08-02T00:02:21.879293" elapsed="0.067618">Recursive execution stopped.</status>
</kw>
<return>
<value>${result}</value>
<status status="NOT RUN" start="2025-08-02T00:02:21.946911" elapsed="0.000000"/>
</return>
<var>${result}</var>
<arg>${db_uri}</arg>
<arg>${db_name}</arg>
<status status="FAIL" start="2025-08-02T00:02:21.879293" elapsed="0.067618">Recursive execution stopped.</status>
</kw>
<return>
<value>${result}</value>
<status status="NOT RUN" start="2025-08-02T00:02:21.946911" elapsed="0.000000"/>
</return>
<var>${result}</var>
<arg>${db_uri}</arg>
<arg>${db_name}</arg>
<status status="FAIL" start="2025-08-02T00:02:21.878285" elapsed="0.068626">Recursive execution stopped.</status>
</kw>
<return>
<value>${result}</value>
<status status="NOT RUN" start="2025-08-02T00:02:21.946911" elapsed="0.000000"/>
</return>
<var>${result}</var>
<arg>${db_uri}</arg>
<arg>${db_name}</arg>
<status status="FAIL" start="2025-08-02T00:02:21.878285" elapsed="0.068626">Recursive execution stopped.</status>
</kw>
<return>
<value>${result}</value>
<status status="NOT RUN" start="2025-08-02T00:02:21.946911" elapsed="0.000000"/>
</return>
<var>${result}</var>
<arg>${db_uri}</arg>
<arg>${db_name}</arg>
<status status="FAIL" start="2025-08-02T00:02:21.876724" elapsed="0.070187">Recursive execution stopped.</status>
</kw>
<return>
<value>${result}</value>
<status status="NOT RUN" start="2025-08-02T00:02:21.946911" elapsed="0.000000"/>
</return>
<var>${result}</var>
<arg>${db_uri}</arg>
<arg>${db_name}</arg>
<status status="FAIL" start="2025-08-02T00:02:21.876724" elapsed="0.070187">Recursive execution stopped.</status>
</kw>
<return>
<value>${result}</value>
<status status="NOT RUN" start="2025-08-02T00:02:21.946911" elapsed="0.000000"/>
</return>
<var>${result}</var>
<arg>${db_uri}</arg>
<arg>${db_name}</arg>
<status status="FAIL" start="2025-08-02T00:02:21.876724" elapsed="0.070187">Recursive execution stopped.</status>
</kw>
<return>
<value>${result}</value>
<status status="NOT RUN" start="2025-08-02T00:02:21.946911" elapsed="0.000000"/>
</return>
<var>${result}</var>
<arg>${db_uri}</arg>
<arg>${db_name}</arg>
<status status="FAIL" start="2025-08-02T00:02:21.871658" elapsed="0.075253">Recursive execution stopped.</status>
</kw>
<return>
<value>${result}</value>
<status status="NOT RUN" start="2025-08-02T00:02:21.946911" elapsed="0.000000"/>
</return>
<var>${result}</var>
<arg>${db_uri}</arg>
<arg>${db_name}</arg>
<status status="FAIL" start="2025-08-02T00:02:21.871658" elapsed="0.075253">Recursive execution stopped.</status>
</kw>
<return>
<value>${result}</value>
<status status="NOT RUN" start="2025-08-02T00:02:21.946911" elapsed="0.000000"/>
</return>
<var>${result}</var>
<arg>${db_uri}</arg>
<arg>${db_name}</arg>
<status status="FAIL" start="2025-08-02T00:02:21.871658" elapsed="0.075253">Recursive execution stopped.</status>
</kw>
<return>
<value>${result}</value>
<status status="NOT RUN" start="2025-08-02T00:02:21.946911" elapsed="0.000000"/>
</return>
<var>${result}</var>
<arg>${db_uri}</arg>
<arg>${db_name}</arg>
<status status="FAIL" start="2025-08-02T00:02:21.871658" elapsed="0.075253">Recursive execution stopped.</status>
</kw>
<return>
<value>${result}</value>
<status status="NOT RUN" start="2025-08-02T00:02:21.951468" elapsed="0.000000"/>
</return>
<var>${result}</var>
<arg>${db_uri}</arg>
<arg>${db_name}</arg>
<status status="FAIL" start="2025-08-02T00:02:21.871658" elapsed="0.079810">Recursive execution stopped.</status>
</kw>
<return>
<value>${result}</value>
<status status="NOT RUN" start="2025-08-02T00:02:21.951468" elapsed="0.000000"/>
</return>
<var>${result}</var>
<arg>${db_uri}</arg>
<arg>${db_name}</arg>
<status status="FAIL" start="2025-08-02T00:02:21.871658" elapsed="0.079810">Recursive execution stopped.</status>
</kw>
<return>
<value>${result}</value>
<status status="NOT RUN" start="2025-08-02T00:02:21.951468" elapsed="0.000000"/>
</return>
<var>${result}</var>
<arg>${db_uri}</arg>
<arg>${db_name}</arg>
<status status="FAIL" start="2025-08-02T00:02:21.871658" elapsed="0.079810">Recursive execution stopped.</status>
</kw>
<return>
<value>${result}</value>
<status status="NOT RUN" start="2025-08-02T00:02:21.951468" elapsed="0.000000"/>
</return>
<var>${result}</var>
<arg>${db_uri}</arg>
<arg>${db_name}</arg>
<status status="FAIL" start="2025-08-02T00:02:21.871658" elapsed="0.079810">Recursive execution stopped.</status>
</kw>
<return>
<value>${result}</value>
<status status="NOT RUN" start="2025-08-02T00:02:21.951468" elapsed="0.000000"/>
</return>
<var>${result}</var>
<arg>${db_uri}</arg>
<arg>${db_name}</arg>
<status status="FAIL" start="2025-08-02T00:02:21.871658" elapsed="0.079810">Recursive execution stopped.</status>
</kw>
<return>
<value>${result}</value>
<status status="NOT RUN" start="2025-08-02T00:02:21.951468" elapsed="0.000000"/>
</return>
<var>${result}</var>
<arg>${db_uri}</arg>
<arg>${db_name}</arg>
<status status="FAIL" start="2025-08-02T00:02:21.871658" elapsed="0.079810">Recursive execution stopped.</status>
</kw>
<return>
<value>${result}</value>
<status status="NOT RUN" start="2025-08-02T00:02:21.951468" elapsed="0.000000"/>
</return>
<var>${result}</var>
<arg>${db_uri}</arg>
<arg>${db_name}</arg>
<status status="FAIL" start="2025-08-02T00:02:21.871658" elapsed="0.079810">Recursive execution stopped.</status>
</kw>
<return>
<value>${result}</value>
<status status="NOT RUN" start="2025-08-02T00:02:21.951468" elapsed="0.000000"/>
</return>
<var>${result}</var>
<arg>${db_uri}</arg>
<arg>${db_name}</arg>
<status status="FAIL" start="2025-08-02T00:02:21.871658" elapsed="0.079810">Recursive execution stopped.</status>
</kw>
<return>
<value>${result}</value>
<status status="NOT RUN" start="2025-08-02T00:02:21.951468" elapsed="0.000000"/>
</return>
<var>${result}</var>
<arg>${db_uri}</arg>
<arg>${db_name}</arg>
<status status="FAIL" start="2025-08-02T00:02:21.866647" elapsed="0.084821">Recursive execution stopped.</status>
</kw>
<return>
<value>${result}</value>
<status status="NOT RUN" start="2025-08-02T00:02:21.951468" elapsed="0.000000"/>
</return>
<var>${result}</var>
<arg>${db_uri}</arg>
<arg>${db_name}</arg>
<status status="FAIL" start="2025-08-02T00:02:21.866647" elapsed="0.084821">Recursive execution stopped.</status>
</kw>
<return>
<value>${result}</value>
<status status="NOT RUN" start="2025-08-02T00:02:21.951468" elapsed="0.000000"/>
</return>
<var>${result}</var>
<arg>${db_uri}</arg>
<arg>${db_name}</arg>
<status status="FAIL" start="2025-08-02T00:02:21.866647" elapsed="0.084821">Recursive execution stopped.</status>
</kw>
<return>
<value>${result}</value>
<status status="NOT RUN" start="2025-08-02T00:02:21.951468" elapsed="0.000000"/>
</return>
<var>${result}</var>
<arg>${db_uri}</arg>
<arg>${db_name}</arg>
<status status="FAIL" start="2025-08-02T00:02:21.866647" elapsed="0.084821">Recursive execution stopped.</status>
</kw>
<return>
<value>${result}</value>
<status status="NOT RUN" start="2025-08-02T00:02:21.951468" elapsed="0.000000"/>
</return>
<var>${result}</var>
<arg>${db_uri}</arg>
<arg>${db_name}</arg>
<status status="FAIL" start="2025-08-02T00:02:21.866647" elapsed="0.084821">Recursive execution stopped.</status>
</kw>
<return>
<value>${result}</value>
<status status="NOT RUN" start="2025-08-02T00:02:21.951468" elapsed="0.000000"/>
</return>
<var>${result}</var>
<arg>${db_uri}</arg>
<arg>${db_name}</arg>
<status status="FAIL" start="2025-08-02T00:02:21.866647" elapsed="0.084821">Recursive execution stopped.</status>
</kw>
<return>
<value>${result}</value>
<status status="NOT RUN" start="2025-08-02T00:02:21.951468" elapsed="0.000000"/>
</return>
<var>${result}</var>
<arg>${db_uri}</arg>
<arg>${db_name}</arg>
<status status="FAIL" start="2025-08-02T00:02:21.866647" elapsed="0.084821">Recursive execution stopped.</status>
</kw>
<return>
<value>${result}</value>
<status status="NOT RUN" start="2025-08-02T00:02:21.956526" elapsed="0.000000"/>
</return>
<var>${result}</var>
<arg>${db_uri}</arg>
<arg>${db_name}</arg>
<status status="FAIL" start="2025-08-02T00:02:21.866647" elapsed="0.089879">Recursive execution stopped.</status>
</kw>
<return>
<value>${result}</value>
<status status="NOT RUN" start="2025-08-02T00:02:21.956526" elapsed="0.000000"/>
</return>
<var>${result}</var>
<arg>${db_uri}</arg>
<arg>${db_name}</arg>
<status status="FAIL" start="2025-08-02T00:02:21.866647" elapsed="0.089879">Recursive execution stopped.</status>
</kw>
<return>
<value>${result}</value>
<status status="NOT RUN" start="2025-08-02T00:02:21.956526" elapsed="0.000000"/>
</return>
<var>${result}</var>
<arg>${db_uri}</arg>
<arg>${db_name}</arg>
<status status="FAIL" start="2025-08-02T00:02:21.866647" elapsed="0.089879">Recursive execution stopped.</status>
</kw>
<return>
<value>${result}</value>
<status status="NOT RUN" start="2025-08-02T00:02:21.956526" elapsed="0.000000"/>
</return>
<var>${result}</var>
<arg>${db_uri}</arg>
<arg>${db_name}</arg>
<status status="FAIL" start="2025-08-02T00:02:21.866647" elapsed="0.089879">Recursive execution stopped.</status>
</kw>
<return>
<value>${result}</value>
<status status="NOT RUN" start="2025-08-02T00:02:21.956526" elapsed="0.000000"/>
</return>
<var>${result}</var>
<arg>${db_uri}</arg>
<arg>${db_name}</arg>
<status status="FAIL" start="2025-08-02T00:02:21.863580" elapsed="0.092946">Recursive execution stopped.</status>
</kw>
<return>
<value>${result}</value>
<status status="NOT RUN" start="2025-08-02T00:02:21.956526" elapsed="0.000000"/>
</return>
<var>${result}</var>
<arg>${db_uri}</arg>
<arg>${db_name}</arg>
<status status="FAIL" start="2025-08-02T00:02:21.863580" elapsed="0.092946">Recursive execution stopped.</status>
</kw>
<return>
<value>${result}</value>
<status status="NOT RUN" start="2025-08-02T00:02:21.956526" elapsed="0.000000"/>
</return>
<var>${result}</var>
<arg>${db_uri}</arg>
<arg>${db_name}</arg>
<status status="FAIL" start="2025-08-02T00:02:21.847652" elapsed="0.108874">Recursive execution stopped.</status>
</kw>
<return>
<value>${result}</value>
<status status="NOT RUN" start="2025-08-02T00:02:21.956526" elapsed="0.000000"/>
</return>
<var>${result}</var>
<arg>${db_uri}</arg>
<arg>${db_name}</arg>
<status status="FAIL" start="2025-08-02T00:02:21.847652" elapsed="0.108874">Recursive execution stopped.</status>
</kw>
<return>
<value>${result}</value>
<status status="NOT RUN" start="2025-08-02T00:02:21.956526" elapsed="0.000000"/>
</return>
<var>${result}</var>
<arg>${db_uri}</arg>
<arg>${db_name}</arg>
<status status="FAIL" start="2025-08-02T00:02:21.847652" elapsed="0.108874">Recursive execution stopped.</status>
</kw>
<return>
<value>${result}</value>
<status status="NOT RUN" start="2025-08-02T00:02:21.956526" elapsed="0.000000"/>
</return>
<var>${result}</var>
<arg>${db_uri}</arg>
<arg>${db_name}</arg>
<status status="FAIL" start="2025-08-02T00:02:21.847652" elapsed="0.108874">Recursive execution stopped.</status>
</kw>
<return>
<value>${result}</value>
<status status="NOT RUN" start="2025-08-02T00:02:21.956526" elapsed="0.000000"/>
</return>
<var>${result}</var>
<arg>${db_uri}</arg>
<arg>${db_name}</arg>
<status status="FAIL" start="2025-08-02T00:02:21.847652" elapsed="0.108874">Recursive execution stopped.</status>
</kw>
<return>
<value>${result}</value>
<status status="NOT RUN" start="2025-08-02T00:02:21.956526" elapsed="0.000000"/>
</return>
<var>${result}</var>
<arg>${db_uri}</arg>
<arg>${db_name}</arg>
<status status="FAIL" start="2025-08-02T00:02:21.847652" elapsed="0.108874">Recursive execution stopped.</status>
</kw>
<return>
<value>${result}</value>
<status status="NOT RUN" start="2025-08-02T00:02:21.956526" elapsed="0.000000"/>
</return>
<var>${result}</var>
<arg>${db_uri}</arg>
<arg>${db_name}</arg>
<status status="FAIL" start="2025-08-02T00:02:21.847652" elapsed="0.108874">Recursive execution stopped.</status>
</kw>
<return>
<value>${result}</value>
<status status="NOT RUN" start="2025-08-02T00:02:21.956526" elapsed="0.000000"/>
</return>
<var>${result}</var>
<arg>${db_uri}</arg>
<arg>${db_name}</arg>
<status status="FAIL" start="2025-08-02T00:02:21.847652" elapsed="0.108874">Recursive execution stopped.</status>
</kw>
<return>
<value>${result}</value>
<status status="NOT RUN" start="2025-08-02T00:02:21.956526" elapsed="0.000000"/>
</return>
<var>${result}</var>
<arg>${db_uri}</arg>
<arg>${db_name}</arg>
<status status="FAIL" start="2025-08-02T00:02:21.847652" elapsed="0.108874">Recursive execution stopped.</status>
</kw>
<return>
<value>${result}</value>
<status status="NOT RUN" start="2025-08-02T00:02:21.956526" elapsed="0.000000"/>
</return>
<var>${result}</var>
<arg>${db_uri}</arg>
<arg>${db_name}</arg>
<status status="FAIL" start="2025-08-02T00:02:21.847652" elapsed="0.108874">Recursive execution stopped.</status>
</kw>
<return>
<value>${result}</value>
<status status="NOT RUN" start="2025-08-02T00:02:21.956526" elapsed="0.000000"/>
</return>
<var>${result}</var>
<arg>${db_uri}</arg>
<arg>${db_name}</arg>
<status status="FAIL" start="2025-08-02T00:02:21.847652" elapsed="0.113933">Recursive execution stopped.</status>
</kw>
<return>
<value>${result}</value>
<status status="NOT RUN" start="2025-08-02T00:02:21.961585" elapsed="0.000000"/>
</return>
<var>${result}</var>
<arg>${db_uri}</arg>
<arg>${db_name}</arg>
<status status="FAIL" start="2025-08-02T00:02:21.847652" elapsed="0.113933">Recursive execution stopped.</status>
</kw>
<return>
<value>${result}</value>
<status status="NOT RUN" start="2025-08-02T00:02:21.961585" elapsed="0.000000"/>
</return>
<var>${result}</var>
<arg>${db_uri}</arg>
<arg>${db_name}</arg>
<status status="FAIL" start="2025-08-02T00:02:21.846615" elapsed="0.114970">Recursive execution stopped.</status>
</kw>
<return>
<value>${result}</value>
<status status="NOT RUN" start="2025-08-02T00:02:21.961585" elapsed="0.000000"/>
</return>
<var>${result}</var>
<arg>${db_uri}</arg>
<arg>${db_name}</arg>
<status status="FAIL" start="2025-08-02T00:02:21.846615" elapsed="0.114970">Recursive execution stopped.</status>
</kw>
<return>
<value>${result}</value>
<status status="NOT RUN" start="2025-08-02T00:02:21.961585" elapsed="0.000000"/>
</return>
<var>${result}</var>
<arg>${db_uri}</arg>
<arg>${db_name}</arg>
<status status="FAIL" start="2025-08-02T00:02:21.841569" elapsed="0.120016">Recursive execution stopped.</status>
</kw>
<return>
<value>${result}</value>
<status status="NOT RUN" start="2025-08-02T00:02:21.961585" elapsed="0.000000"/>
</return>
<var>${result}</var>
<arg>${db_uri}</arg>
<arg>${db_name}</arg>
<status status="FAIL" start="2025-08-02T00:02:21.841569" elapsed="0.120016">Recursive execution stopped.</status>
</kw>
<return>
<value>${result}</value>
<status status="NOT RUN" start="2025-08-02T00:02:21.961585" elapsed="0.000000"/>
</return>
<var>${result}</var>
<arg>${db_uri}</arg>
<arg>${db_name}</arg>
<status status="FAIL" start="2025-08-02T00:02:21.841569" elapsed="0.120016">Recursive execution stopped.</status>
</kw>
<return>
<value>${result}</value>
<status status="NOT RUN" start="2025-08-02T00:02:21.966597" elapsed="0.000000"/>
</return>
<var>${result}</var>
<arg>${db_uri}</arg>
<arg>${db_name}</arg>
<status status="FAIL" start="2025-08-02T00:02:21.841569" elapsed="0.125028">Recursive execution stopped.</status>
</kw>
<return>
<value>${result}</value>
<status status="NOT RUN" start="2025-08-02T00:02:21.966597" elapsed="0.000000"/>
</return>
<var>${result}</var>
<arg>${db_uri}</arg>
<arg>${db_name}</arg>
<status status="FAIL" start="2025-08-02T00:02:21.841569" elapsed="0.125028">Recursive execution stopped.</status>
</kw>
<return>
<value>${result}</value>
<status status="NOT RUN" start="2025-08-02T00:02:21.966597" elapsed="0.000000"/>
</return>
<var>${result}</var>
<arg>${db_uri}</arg>
<arg>${db_name}</arg>
<status status="FAIL" start="2025-08-02T00:02:21.841569" elapsed="0.125028">Recursive execution stopped.</status>
</kw>
<return>
<value>${result}</value>
<status status="NOT RUN" start="2025-08-02T00:02:21.966597" elapsed="0.000000"/>
</return>
<var>${result}</var>
<arg>${db_uri}</arg>
<arg>${db_name}</arg>
<status status="FAIL" start="2025-08-02T00:02:21.841569" elapsed="0.125028">Recursive execution stopped.</status>
</kw>
<return>
<value>${result}</value>
<status status="NOT RUN" start="2025-08-02T00:02:21.966597" elapsed="0.000000"/>
</return>
<var>${result}</var>
<arg>${db_uri}</arg>
<arg>${db_name}</arg>
<status status="FAIL" start="2025-08-02T00:02:21.841569" elapsed="0.125028">Recursive execution stopped.</status>
</kw>
<return>
<value>${result}</value>
<status status="NOT RUN" start="2025-08-02T00:02:21.966597" elapsed="0.000000"/>
</return>
<var>${result}</var>
<arg>${db_uri}</arg>
<arg>${db_name}</arg>
<status status="FAIL" start="2025-08-02T00:02:21.841569" elapsed="0.125028">Recursive execution stopped.</status>
</kw>
<return>
<value>${result}</value>
<status status="NOT RUN" start="2025-08-02T00:02:21.966597" elapsed="0.000000"/>
</return>
<var>${result}</var>
<arg>${db_uri}</arg>
<arg>${db_name}</arg>
<status status="FAIL" start="2025-08-02T00:02:21.841569" elapsed="0.125028">Recursive execution stopped.</status>
</kw>
<return>
<value>${result}</value>
<status status="NOT RUN" start="2025-08-02T00:02:21.966597" elapsed="0.000000"/>
</return>
<var>${result}</var>
<arg>${db_uri}</arg>
<arg>${db_name}</arg>
<status status="FAIL" start="2025-08-02T00:02:21.841569" elapsed="0.125028">Recursive execution stopped.</status>
</kw>
<return>
<value>${result}</value>
<status status="NOT RUN" start="2025-08-02T00:02:21.966597" elapsed="0.000000"/>
</return>
<var>${result}</var>
<arg>${db_uri}</arg>
<arg>${db_name}</arg>
<status status="FAIL" start="2025-08-02T00:02:21.837006" elapsed="0.129591">Recursive execution stopped.</status>
</kw>
<return>
<value>${result}</value>
<status status="NOT RUN" start="2025-08-02T00:02:21.966597" elapsed="0.000000"/>
</return>
<var>${result}</var>
<arg>${db_uri}</arg>
<arg>${db_name}</arg>
<status status="FAIL" start="2025-08-02T00:02:21.837006" elapsed="0.129591">Recursive execution stopped.</status>
</kw>
<return>
<value>${result}</value>
<status status="NOT RUN" start="2025-08-02T00:02:21.966597" elapsed="0.000000"/>
</return>
<var>${result}</var>
<arg>${db_uri}</arg>
<arg>${db_name}</arg>
<status status="FAIL" start="2025-08-02T00:02:21.837006" elapsed="0.129591">Recursive execution stopped.</status>
</kw>
<return>
<value>${result}</value>
<status status="NOT RUN" start="2025-08-02T00:02:21.966597" elapsed="0.000000"/>
</return>
<var>${result}</var>
<arg>${db_uri}</arg>
<arg>${db_name}</arg>
<status status="FAIL" start="2025-08-02T00:02:21.837006" elapsed="0.129591">Recursive execution stopped.</status>
</kw>
<return>
<value>${result}</value>
<status status="NOT RUN" start="2025-08-02T00:02:21.966597" elapsed="0.000000"/>
</return>
<var>${result}</var>
<arg>${db_uri}</arg>
<arg>${db_name}</arg>
<status status="FAIL" start="2025-08-02T00:02:21.837006" elapsed="0.129591">Recursive execution stopped.</status>
</kw>
<return>
<value>${result}</value>
<status status="NOT RUN" start="2025-08-02T00:02:21.966597" elapsed="0.000000"/>
</return>
<var>${result}</var>
<arg>${db_uri}</arg>
<arg>${db_name}</arg>
<status status="FAIL" start="2025-08-02T00:02:21.837006" elapsed="0.129591">Recursive execution stopped.</status>
</kw>
<return>
<value>${result}</value>
<status status="NOT RUN" start="2025-08-02T00:02:21.966597" elapsed="0.000000"/>
</return>
<var>${result}</var>
<arg>${db_uri}</arg>
<arg>${db_name}</arg>
<status status="FAIL" start="2025-08-02T00:02:21.837006" elapsed="0.129591">Recursive execution stopped.</status>
</kw>
<return>
<value>${result}</value>
<status status="NOT RUN" start="2025-08-02T00:02:21.966597" elapsed="0.000000"/>
</return>
<var>${result}</var>
<arg>${db_uri}</arg>
<arg>${db_name}</arg>
<status status="FAIL" start="2025-08-02T00:02:21.837006" elapsed="0.129591">Recursive execution stopped.</status>
</kw>
<return>
<value>${result}</value>
<status status="NOT RUN" start="2025-08-02T00:02:21.966597" elapsed="0.000000"/>
</return>
<var>${result}</var>
<arg>${db_uri}</arg>
<arg>${db_name}</arg>
<status status="FAIL" start="2025-08-02T00:02:21.837006" elapsed="0.129591">Recursive execution stopped.</status>
</kw>
<return>
<value>${result}</value>
<status status="NOT RUN" start="2025-08-02T00:02:21.966597" elapsed="0.000000"/>
</return>
<var>${result}</var>
<arg>${db_uri}</arg>
<arg>${db_name}</arg>
<status status="FAIL" start="2025-08-02T00:02:21.837006" elapsed="0.129591">Recursive execution stopped.</status>
</kw>
<return>
<value>${result}</value>
<status status="NOT RUN" start="2025-08-02T00:02:21.966597" elapsed="0.000000"/>
</return>
<var>${result}</var>
<arg>${db_uri}</arg>
<arg>${db_name}</arg>
<status status="FAIL" start="2025-08-02T00:02:21.831958" elapsed="0.134639">Recursive execution stopped.</status>
</kw>
<return>
<value>${result}</value>
<status status="NOT RUN" start="2025-08-02T00:02:21.966597" elapsed="0.000000"/>
</return>
<var>${result}</var>
<arg>${db_uri}</arg>
<arg>${db_name}</arg>
<status status="FAIL" start="2025-08-02T00:02:21.831958" elapsed="0.134639">Recursive execution stopped.</status>
</kw>
<return>
<value>${result}</value>
<status status="NOT RUN" start="2025-08-02T00:02:21.966597" elapsed="0.000000"/>
</return>
<var>${result}</var>
<arg>${db_uri}</arg>
<arg>${db_name}</arg>
<status status="FAIL" start="2025-08-02T00:02:21.831958" elapsed="0.134639">Recursive execution stopped.</status>
</kw>
<return>
<value>${result}</value>
<status status="NOT RUN" start="2025-08-02T00:02:21.966597" elapsed="0.000000"/>
</return>
<var>${result}</var>
<arg>${db_uri}</arg>
<arg>${db_name}</arg>
<status status="FAIL" start="2025-08-02T00:02:21.831958" elapsed="0.134639">Recursive execution stopped.</status>
</kw>
<return>
<value>${result}</value>
<status status="NOT RUN" start="2025-08-02T00:02:21.966597" elapsed="0.000000"/>
</return>
<var>${result}</var>
<arg>${db_uri}</arg>
<arg>${db_name}</arg>
<status status="FAIL" start="2025-08-02T00:02:21.831958" elapsed="0.134639">Recursive execution stopped.</status>
</kw>
<return>
<value>${result}</value>
<status status="NOT RUN" start="2025-08-02T00:02:21.966597" elapsed="0.000000"/>
</return>
<var>${result}</var>
<arg>${db_uri}</arg>
<arg>${db_name}</arg>
<status status="FAIL" start="2025-08-02T00:02:21.831958" elapsed="0.134639">Recursive execution stopped.</status>
</kw>
<return>
<value>${result}</value>
<status status="NOT RUN" start="2025-08-02T00:02:21.966597" elapsed="0.000000"/>
</return>
<var>${result}</var>
<arg>${db_uri}</arg>
<arg>${db_name}</arg>
<status status="FAIL" start="2025-08-02T00:02:21.831958" elapsed="0.134639">Recursive execution stopped.</status>
</kw>
<return>
<value>${result}</value>
<status status="NOT RUN" start="2025-08-02T00:02:21.966597" elapsed="0.000000"/>
</return>
<var>${result}</var>
<arg>${db_uri}</arg>
<arg>${db_name}</arg>
<status status="FAIL" start="2025-08-02T00:02:21.831958" elapsed="0.134639">Recursive execution stopped.</status>
</kw>
<return>
<value>${result}</value>
<status status="NOT RUN" start="2025-08-02T00:02:21.966597" elapsed="0.000000"/>
</return>
<var>${result}</var>
<arg>${db_uri}</arg>
<arg>${db_name}</arg>
<status status="FAIL" start="2025-08-02T00:02:21.831958" elapsed="0.134639">Recursive execution stopped.</status>
</kw>
<return>
<value>${result}</value>
<status status="NOT RUN" start="2025-08-02T00:02:21.966597" elapsed="0.000000"/>
</return>
<var>${result}</var>
<arg>${db_uri}</arg>
<arg>${db_name}</arg>
<status status="FAIL" start="2025-08-02T00:02:21.831958" elapsed="0.134639">Recursive execution stopped.</status>
</kw>
<return>
<value>${result}</value>
<status status="NOT RUN" start="2025-08-02T00:02:21.966597" elapsed="0.000000"/>
</return>
<var>${result}</var>
<arg>${db_uri}</arg>
<arg>${db_name}</arg>
<status status="FAIL" start="2025-08-02T00:02:21.826949" elapsed="0.139648">Recursive execution stopped.</status>
</kw>
<return>
<value>${result}</value>
<status status="NOT RUN" start="2025-08-02T00:02:21.966597" elapsed="0.000000"/>
</return>
<var>${result}</var>
<arg>${db_uri}</arg>
<arg>${db_name}</arg>
<status status="FAIL" start="2025-08-02T00:02:21.826949" elapsed="0.149674">Recursive execution stopped.</status>
</kw>
<return>
<value>${result}</value>
<status status="NOT RUN" start="2025-08-02T00:02:21.976623" elapsed="0.000000"/>
</return>
<var>${result}</var>
<arg>${db_uri}</arg>
<arg>${db_name}</arg>
<status status="FAIL" start="2025-08-02T00:02:21.826949" elapsed="0.149674">Recursive execution stopped.</status>
</kw>
<return>
<value>${result}</value>
<status status="NOT RUN" start="2025-08-02T00:02:21.976623" elapsed="0.000000"/>
</return>
<var>${result}</var>
<arg>${db_uri}</arg>
<arg>${db_name}</arg>
<status status="FAIL" start="2025-08-02T00:02:21.826949" elapsed="0.149674">Recursive execution stopped.</status>
</kw>
<return>
<value>${result}</value>
<status status="NOT RUN" start="2025-08-02T00:02:21.976623" elapsed="0.000000"/>
</return>
<var>${result}</var>
<arg>${db_uri}</arg>
<arg>${db_name}</arg>
<status status="FAIL" start="2025-08-02T00:02:21.826949" elapsed="0.149674">Recursive execution stopped.</status>
</kw>
<return>
<value>${result}</value>
<status status="NOT RUN" start="2025-08-02T00:02:21.976623" elapsed="0.000000"/>
</return>
<var>${result}</var>
<arg>${db_uri}</arg>
<arg>${db_name}</arg>
<status status="FAIL" start="2025-08-02T00:02:21.826949" elapsed="0.150720">Recursive execution stopped.</status>
</kw>
<return>
<value>${result}</value>
<status status="NOT RUN" start="2025-08-02T00:02:21.977669" elapsed="0.000000"/>
</return>
<var>${result}</var>
<arg>${db_uri}</arg>
<arg>${db_name}</arg>
<status status="FAIL" start="2025-08-02T00:02:21.826949" elapsed="0.151236">Recursive execution stopped.</status>
</kw>
<return>
<value>${result}</value>
<status status="NOT RUN" start="2025-08-02T00:02:21.978185" elapsed="0.000000"/>
</return>
<var>${result}</var>
<arg>${db_uri}</arg>
<arg>${db_name}</arg>
<status status="FAIL" start="2025-08-02T00:02:21.826949" elapsed="0.151236">Recursive execution stopped.</status>
</kw>
<return>
<value>${result}</value>
<status status="NOT RUN" start="2025-08-02T00:02:21.978185" elapsed="0.000000"/>
</return>
<var>${result}</var>
<arg>${db_uri}</arg>
<arg>${db_name}</arg>
<status status="FAIL" start="2025-08-02T00:02:21.826949" elapsed="0.151236">Recursive execution stopped.</status>
</kw>
<return>
<value>${result}</value>
<status status="NOT RUN" start="2025-08-02T00:02:21.978185" elapsed="0.000000"/>
</return>
<var>${result}</var>
<arg>${db_uri}</arg>
<arg>${db_name}</arg>
<status status="FAIL" start="2025-08-02T00:02:21.826949" elapsed="0.151236">Recursive execution stopped.</status>
</kw>
<return>
<value>${result}</value>
<status status="NOT RUN" start="2025-08-02T00:02:21.978185" elapsed="0.000000"/>
</return>
<var>${result}</var>
<arg>${db_uri}</arg>
<arg>${db_name}</arg>
<status status="FAIL" start="2025-08-02T00:02:21.826949" elapsed="0.151236">Recursive execution stopped.</status>
</kw>
<return>
<value>${result}</value>
<status status="NOT RUN" start="2025-08-02T00:02:21.978185" elapsed="0.000000"/>
</return>
<var>${result}</var>
<arg>${db_uri}</arg>
<arg>${db_name}</arg>
<status status="FAIL" start="2025-08-02T00:02:21.826949" elapsed="0.151236">Recursive execution stopped.</status>
</kw>
<return>
<value>${result}</value>
<status status="NOT RUN" start="2025-08-02T00:02:21.978185" elapsed="0.000000"/>
</return>
<arg>${DB_URI}</arg>
<arg>${DB_NAME}</arg>
<status status="FAIL" start="2025-08-02T00:02:21.816792" elapsed="0.161393">Recursive execution stopped.</status>
</kw>
<kw name="Create Dictionary" owner="BuiltIn">
<var>&amp;{product}</var>
<arg>title=Test Product</arg>
<arg>price=${10.99}</arg>
<arg>description=A test product</arg>
<arg>category=test</arg>
<arg>image=url</arg>
<arg>rating=&amp;{{'rate': 4.5, 'count': 10}}</arg>
<doc>Creates and returns a dictionary based on the given ``items``.</doc>
<status status="NOT RUN" start="2025-08-02T00:02:21.978185" elapsed="0.000000"/>
</kw>
<kw name="Insert Document" owner="common">
<arg>${PRODUCTS_COLLECTION}</arg>
<arg>${product}</arg>
<status status="NOT RUN" start="2025-08-02T00:02:21.978185" elapsed="0.000000"/>
</kw>
<kw name="Disconnect From DB" owner="common">
<status status="NOT RUN" start="2025-08-02T00:02:21.978185" elapsed="0.000000"/>
</kw>
<doc>Test de création d'un produit valide
✓ DOIT PASSER</doc>
<tag>create</tag>
<tag>products</tag>
<tag>valid</tag>
<status status="FAIL" start="2025-08-02T00:02:21.816792" elapsed="0.161393">Recursive execution stopped.</status>
</test>
<test id="s1-t2" name="Create Product - Invalid Missing Required Field" line="24">
<kw name="Connect To DB" owner="common">
<kw name="Connect To DB" owner="common">
<kw name="Connect To DB" owner="common">
<kw name="Connect To DB" owner="common">
<kw name="Connect To DB" owner="common">
<kw name="Connect To DB" owner="common">
<kw name="Connect To DB" owner="common">
<kw name="Connect To DB" owner="common">
<kw name="Connect To DB" owner="common">
<kw name="Connect To DB" owner="common">
<kw name="Connect To DB" owner="common">
<kw name="Connect To DB" owner="common">
<kw name="Connect To DB" owner="common">
<kw name="Connect To DB" owner="common">
<kw name="Connect To DB" owner="common">
<kw name="Connect To DB" owner="common">
<kw name="Connect To DB" owner="common">
<kw name="Connect To DB" owner="common">
<kw name="Connect To DB" owner="common">
<kw name="Connect To DB" owner="common">
<kw name="Connect To DB" owner="common">
<kw name="Connect To DB" owner="common">
<kw name="Connect To DB" owner="common">
<kw name="Connect To DB" owner="common">
<kw name="Connect To DB" owner="common">
<kw name="Connect To DB" owner="common">
<kw name="Connect To DB" owner="common">
<kw name="Connect To DB" owner="common">
<kw name="Connect To DB" owner="common">
<kw name="Connect To DB" owner="common">
<kw name="Connect To DB" owner="common">
<kw name="Connect To DB" owner="common">
<kw name="Connect To DB" owner="common">
<kw name="Connect To DB" owner="common">
<kw name="Connect To DB" owner="common">
<kw name="Connect To DB" owner="common">
<kw name="Connect To DB" owner="common">
<kw name="Connect To DB" owner="common">
<kw name="Connect To DB" owner="common">
<kw name="Connect To DB" owner="common">
<kw name="Connect To DB" owner="common">
<kw name="Connect To DB" owner="common">
<kw name="Connect To DB" owner="common">
<kw name="Connect To DB" owner="common">
<kw name="Connect To DB" owner="common">
<kw name="Connect To DB" owner="common">
<kw name="Connect To DB" owner="common">
<kw name="Connect To DB" owner="common">
<kw name="Connect To DB" owner="common">
<kw name="Connect To DB" owner="common">
<kw name="Connect To DB" owner="common">
<kw name="Connect To DB" owner="common">
<kw name="Connect To DB" owner="common">
<kw name="Connect To DB" owner="common">
<kw name="Connect To DB" owner="common">
<kw name="Connect To DB" owner="common">
<kw name="Connect To DB" owner="common">
<kw name="Connect To DB" owner="common">
<kw name="Connect To DB" owner="common">
<kw name="Connect To DB" owner="common">
<kw name="Connect To DB" owner="common">
<kw name="Connect To DB" owner="common">
<kw name="Connect To DB" owner="common">
<kw name="Connect To DB" owner="common">
<kw name="Connect To DB" owner="common">
<kw name="Connect To DB" owner="common">
<kw name="Connect To DB" owner="common">
<kw name="Connect To DB" owner="common">
<kw name="Connect To DB" owner="common">
<kw name="Connect To DB" owner="common">
<kw name="Connect To DB" owner="common">
<kw name="Connect To DB" owner="common">
<kw name="Connect To DB" owner="common">
<kw name="Connect To DB" owner="common">
<kw name="Connect To DB" owner="common">
<kw name="Connect To DB" owner="common">
<kw name="Connect To DB" owner="common">
<kw name="Connect To DB" owner="common">
<kw name="Connect To DB" owner="common">
<kw name="Connect To DB" owner="common">
<kw name="Connect To DB" owner="common">
<kw name="Connect To DB" owner="common">
<kw name="Connect To DB" owner="common">
<kw name="Connect To DB" owner="common">
<kw name="Connect To DB" owner="common">
<kw name="Connect To DB" owner="common">
<kw name="Connect To DB" owner="common">
<kw name="Connect To DB" owner="common">
<kw name="Connect To DB" owner="common">
<kw name="Connect To DB" owner="common">
<kw name="Connect To DB" owner="common">
<kw name="Connect To DB" owner="common">
<kw name="Connect To DB" owner="common">
<kw name="Connect To DB" owner="common">
<kw name="Connect To DB" owner="common">
<kw name="Connect To DB" owner="common">
<kw name="Connect To DB" owner="common">
<kw name="Connect To DB" owner="common">
<kw name="Connect To DB" owner="common">
<kw name="Connect To DB" owner="common">
<kw name="Connect To DB" owner="common">
<kw name="Connect To DB" owner="common">
<kw name="Connect To DB" owner="common">
<kw name="Connect To DB" owner="common">
<kw name="Connect To DB" owner="common">
<kw name="Connect To DB" owner="common">
<kw name="Connect To DB" owner="common">
<kw name="Connect To DB" owner="common">
<kw name="Connect To DB" owner="common">
<kw name="Connect To DB" owner="common">
<kw name="Connect To DB" owner="common">
<kw name="Connect To DB" owner="common">
<kw name="Connect To DB" owner="common">
<kw name="Connect To DB" owner="common">
<kw name="Connect To DB" owner="common">
<kw name="Connect To DB" owner="common">
<kw name="Connect To DB" owner="common">
<kw name="Connect To DB" owner="common">
<kw name="Connect To DB" owner="common">
<kw name="Connect To DB" owner="common">
<kw name="Connect To DB" owner="common">
<kw name="Connect To DB" owner="common">
<kw name="Connect To DB" owner="common">
<kw name="Connect To DB" owner="common">
<kw name="Connect To DB" owner="common">
<kw name="Connect To DB" owner="common">
<kw name="Connect To DB" owner="common">
<kw name="Connect To DB" owner="common">
<kw name="Connect To DB" owner="common">
<kw name="Connect To DB" owner="common">
<kw name="Connect To DB" owner="common">
<kw name="Connect To DB" owner="common">
<kw name="Connect To DB" owner="common">
<kw name="Connect To DB" owner="common">
<kw name="Connect To DB" owner="common">
<kw name="Connect To DB" owner="common">
<kw name="Connect To DB" owner="common">
<kw name="Connect To DB" owner="common">
<kw name="Connect To DB" owner="common">
<kw name="Connect To DB" owner="common">
<kw name="Connect To DB" owner="common">
<kw name="Connect To DB" owner="common">
<kw name="Connect To DB" owner="common">
<kw name="Connect To DB" owner="common">
<kw name="Connect To DB" owner="common">
<kw name="Connect To DB" owner="common">
<kw name="Connect To DB" owner="common">
<msg time="2025-08-02T00:02:22.061586" level="FAIL">Recursive execution stopped.</msg>
<var>${result}</var>
<arg>${db_uri}</arg>
<arg>${db_name}</arg>
<status status="FAIL" start="2025-08-02T00:02:22.061586" elapsed="0.000000">Recursive execution stopped.</status>
</kw>
<return>
<value>${result}</value>
<status status="NOT RUN" start="2025-08-02T00:02:22.061586" elapsed="0.000000"/>
</return>
<var>${result}</var>
<arg>${db_uri}</arg>
<arg>${db_name}</arg>
<status status="FAIL" start="2025-08-02T00:02:22.061586" elapsed="0.000000">Recursive execution stopped.</status>
</kw>
<return>
<value>${result}</value>
<status status="NOT RUN" start="2025-08-02T00:02:22.061586" elapsed="0.000000"/>
</return>
<var>${result}</var>
<arg>${db_uri}</arg>
<arg>${db_name}</arg>
<status status="FAIL" start="2025-08-02T00:02:22.061586" elapsed="0.000000">Recursive execution stopped.</status>
</kw>
<return>
<value>${result}</value>
<status status="NOT RUN" start="2025-08-02T00:02:22.061586" elapsed="0.000000"/>
</return>
<var>${result}</var>
<arg>${db_uri}</arg>
<arg>${db_name}</arg>
<status status="FAIL" start="2025-08-02T00:02:22.057567" elapsed="0.004019">Recursive execution stopped.</status>
</kw>
<return>
<value>${result}</value>
<status status="NOT RUN" start="2025-08-02T00:02:22.061586" elapsed="0.000000"/>
</return>
<var>${result}</var>
<arg>${db_uri}</arg>
<arg>${db_name}</arg>
<status status="FAIL" start="2025-08-02T00:02:22.057567" elapsed="0.004019">Recursive execution stopped.</status>
</kw>
<return>
<value>${result}</value>
<status status="NOT RUN" start="2025-08-02T00:02:22.061586" elapsed="0.000000"/>
</return>
<var>${result}</var>
<arg>${db_uri}</arg>
<arg>${db_name}</arg>
<status status="FAIL" start="2025-08-02T00:02:22.057567" elapsed="0.004019">Recursive execution stopped.</status>
</kw>
<return>
<value>${result}</value>
<status status="NOT RUN" start="2025-08-02T00:02:22.061586" elapsed="0.000000"/>
</return>
<var>${result}</var>
<arg>${db_uri}</arg>
<arg>${db_name}</arg>
<status status="FAIL" start="2025-08-02T00:02:22.057567" elapsed="0.009103">Recursive execution stopped.</status>
</kw>
<return>
<value>${result}</value>
<status status="NOT RUN" start="2025-08-02T00:02:22.066670" elapsed="0.000000"/>
</return>
<var>${result}</var>
<arg>${db_uri}</arg>
<arg>${db_name}</arg>
<status status="FAIL" start="2025-08-02T00:02:22.057567" elapsed="0.009103">Recursive execution stopped.</status>
</kw>
<return>
<value>${result}</value>
<status status="NOT RUN" start="2025-08-02T00:02:22.066670" elapsed="0.000000"/>
</return>
<var>${result}</var>
<arg>${db_uri}</arg>
<arg>${db_name}</arg>
<status status="FAIL" start="2025-08-02T00:02:22.057567" elapsed="0.009103">Recursive execution stopped.</status>
</kw>
<return>
<value>${result}</value>
<status status="NOT RUN" start="2025-08-02T00:02:22.066670" elapsed="0.000000"/>
</return>
<var>${result}</var>
<arg>${db_uri}</arg>
<arg>${db_name}</arg>
<status status="FAIL" start="2025-08-02T00:02:22.057567" elapsed="0.009103">Recursive execution stopped.</status>
</kw>
<return>
<value>${result}</value>
<status status="NOT RUN" start="2025-08-02T00:02:22.066670" elapsed="0.000000"/>
</return>
<var>${result}</var>
<arg>${db_uri}</arg>
<arg>${db_name}</arg>
<status status="FAIL" start="2025-08-02T00:02:22.057567" elapsed="0.009103">Recursive execution stopped.</status>
</kw>
<return>
<value>${result}</value>
<status status="NOT RUN" start="2025-08-02T00:02:22.066670" elapsed="0.000000"/>
</return>
<var>${result}</var>
<arg>${db_uri}</arg>
<arg>${db_name}</arg>
<status status="FAIL" start="2025-08-02T00:02:22.057567" elapsed="0.009103">Recursive execution stopped.</status>
</kw>
<return>
<value>${result}</value>
<status status="NOT RUN" start="2025-08-02T00:02:22.066670" elapsed="0.000000"/>
</return>
<var>${result}</var>
<arg>${db_uri}</arg>
<arg>${db_name}</arg>
<status status="FAIL" start="2025-08-02T00:02:22.056555" elapsed="0.010115">Recursive execution stopped.</status>
</kw>
<return>
<value>${result}</value>
<status status="NOT RUN" start="2025-08-02T00:02:22.066670" elapsed="0.000000"/>
</return>
<var>${result}</var>
<arg>${db_uri}</arg>
<arg>${db_name}</arg>
<status status="FAIL" start="2025-08-02T00:02:22.056555" elapsed="0.010115">Recursive execution stopped.</status>
</kw>
<return>
<value>${result}</value>
<status status="NOT RUN" start="2025-08-02T00:02:22.066670" elapsed="0.000000"/>
</return>
<var>${result}</var>
<arg>${db_uri}</arg>
<arg>${db_name}</arg>
<status status="FAIL" start="2025-08-02T00:02:22.051974" elapsed="0.014696">Recursive execution stopped.</status>
</kw>
<return>
<value>${result}</value>
<status status="NOT RUN" start="2025-08-02T00:02:22.066670" elapsed="0.000000"/>
</return>
<var>${result}</var>
<arg>${db_uri}</arg>
<arg>${db_name}</arg>
<status status="FAIL" start="2025-08-02T00:02:22.051974" elapsed="0.014696">Recursive execution stopped.</status>
</kw>
<return>
<value>${result}</value>
<status status="NOT RUN" start="2025-08-02T00:02:22.066670" elapsed="0.000000"/>
</return>
<var>${result}</var>
<arg>${db_uri}</arg>
<arg>${db_name}</arg>
<status status="FAIL" start="2025-08-02T00:02:22.051974" elapsed="0.019711">Recursive execution stopped.</status>
</kw>
<return>
<value>${result}</value>
<status status="NOT RUN" start="2025-08-02T00:02:22.071685" elapsed="0.000000"/>
</return>
<var>${result}</var>
<arg>${db_uri}</arg>
<arg>${db_name}</arg>
<status status="FAIL" start="2025-08-02T00:02:22.051974" elapsed="0.019711">Recursive execution stopped.</status>
</kw>
<return>
<value>${result}</value>
<status status="NOT RUN" start="2025-08-02T00:02:22.071685" elapsed="0.000000"/>
</return>
<var>${result}</var>
<arg>${db_uri}</arg>
<arg>${db_name}</arg>
<status status="FAIL" start="2025-08-02T00:02:22.051974" elapsed="0.019711">Recursive execution stopped.</status>
</kw>
<return>
<value>${result}</value>
<status status="NOT RUN" start="2025-08-02T00:02:22.071685" elapsed="0.000000"/>
</return>
<var>${result}</var>
<arg>${db_uri}</arg>
<arg>${db_name}</arg>
<status status="FAIL" start="2025-08-02T00:02:22.051974" elapsed="0.019711">Recursive execution stopped.</status>
</kw>
<return>
<value>${result}</value>
<status status="NOT RUN" start="2025-08-02T00:02:22.071685" elapsed="0.000000"/>
</return>
<var>${result}</var>
<arg>${db_uri}</arg>
<arg>${db_name}</arg>
<status status="FAIL" start="2025-08-02T00:02:22.051974" elapsed="0.019711">Recursive execution stopped.</status>
</kw>
<return>
<value>${result}</value>
<status status="NOT RUN" start="2025-08-02T00:02:22.073698" elapsed="0.000000"/>
</return>
<var>${result}</var>
<arg>${db_uri}</arg>
<arg>${db_name}</arg>
<status status="FAIL" start="2025-08-02T00:02:22.051974" elapsed="0.021724">Recursive execution stopped.</status>
</kw>
<return>
<value>${result}</value>
<status status="NOT RUN" start="2025-08-02T00:02:22.073698" elapsed="0.000000"/>
</return>
<var>${result}</var>
<arg>${db_uri}</arg>
<arg>${db_name}</arg>
<status status="FAIL" start="2025-08-02T00:02:22.051974" elapsed="0.021724">Recursive execution stopped.</status>
</kw>
<return>
<value>${result}</value>
<status status="NOT RUN" start="2025-08-02T00:02:22.073698" elapsed="0.000000"/>
</return>
<var>${result}</var>
<arg>${db_uri}</arg>
<arg>${db_name}</arg>
<status status="FAIL" start="2025-08-02T00:02:22.051974" elapsed="0.021724">Recursive execution stopped.</status>
</kw>
<return>
<value>${result}</value>
<status status="NOT RUN" start="2025-08-02T00:02:22.073698" elapsed="0.000000"/>
</return>
<var>${result}</var>
<arg>${db_uri}</arg>
<arg>${db_name}</arg>
<status status="FAIL" start="2025-08-02T00:02:22.046952" elapsed="0.026746">Recursive execution stopped.</status>
</kw>
<return>
<value>${result}</value>
<status status="NOT RUN" start="2025-08-02T00:02:22.076746" elapsed="0.000000"/>
</return>
<var>${result}</var>
<arg>${db_uri}</arg>
<arg>${db_name}</arg>
<status status="FAIL" start="2025-08-02T00:02:22.046952" elapsed="0.029794">Recursive execution stopped.</status>
</kw>
<return>
<value>${result}</value>
<status status="NOT RUN" start="2025-08-02T00:02:22.076746" elapsed="0.000000"/>
</return>
<var>${result}</var>
<arg>${db_uri}</arg>
<arg>${db_name}</arg>
<status status="FAIL" start="2025-08-02T00:02:22.046952" elapsed="0.029794">Recursive execution stopped.</status>
</kw>
<return>
<value>${result}</value>
<status status="NOT RUN" start="2025-08-02T00:02:22.076746" elapsed="0.000000"/>
</return>
<var>${result}</var>
<arg>${db_uri}</arg>
<arg>${db_name}</arg>
<status status="FAIL" start="2025-08-02T00:02:22.046952" elapsed="0.029794">Recursive execution stopped.</status>
</kw>
<return>
<value>${result}</value>
<status status="NOT RUN" start="2025-08-02T00:02:22.076746" elapsed="0.000000"/>
</return>
<var>${result}</var>
<arg>${db_uri}</arg>
<arg>${db_name}</arg>
<status status="FAIL" start="2025-08-02T00:02:22.046952" elapsed="0.029794">Recursive execution stopped.</status>
</kw>
<return>
<value>${result}</value>
<status status="NOT RUN" start="2025-08-02T00:02:22.078266" elapsed="0.000000"/>
</return>
<var>${result}</var>
<arg>${db_uri}</arg>
<arg>${db_name}</arg>
<status status="FAIL" start="2025-08-02T00:02:22.046952" elapsed="0.031314">Recursive execution stopped.</status>
</kw>
<return>
<value>${result}</value>
<status status="NOT RUN" start="2025-08-02T00:02:22.078266" elapsed="0.000000"/>
</return>
<var>${result}</var>
<arg>${db_uri}</arg>
<arg>${db_name}</arg>
<status status="FAIL" start="2025-08-02T00:02:22.046952" elapsed="0.031314">Recursive execution stopped.</status>
</kw>
<return>
<value>${result}</value>
<status status="NOT RUN" start="2025-08-02T00:02:22.078266" elapsed="0.000000"/>
</return>
<var>${result}</var>
<arg>${db_uri}</arg>
<arg>${db_name}</arg>
<status status="FAIL" start="2025-08-02T00:02:22.046952" elapsed="0.031314">Recursive execution stopped.</status>
</kw>
<return>
<value>${result}</value>
<status status="NOT RUN" start="2025-08-02T00:02:22.078266" elapsed="0.000000"/>
</return>
<var>${result}</var>
<arg>${db_uri}</arg>
<arg>${db_name}</arg>
<status status="FAIL" start="2025-08-02T00:02:22.046952" elapsed="0.031314">Recursive execution stopped.</status>
</kw>
<return>
<value>${result}</value>
<status status="NOT RUN" start="2025-08-02T00:02:22.078266" elapsed="0.000000"/>
</return>
<var>${result}</var>
<arg>${db_uri}</arg>
<arg>${db_name}</arg>
<status status="FAIL" start="2025-08-02T00:02:22.046952" elapsed="0.031314">Recursive execution stopped.</status>
</kw>
<return>
<value>${result}</value>
<status status="NOT RUN" start="2025-08-02T00:02:22.078266" elapsed="0.000000"/>
</return>
<var>${result}</var>
<arg>${db_uri}</arg>
<arg>${db_name}</arg>
<status status="FAIL" start="2025-08-02T00:02:22.041874" elapsed="0.036392">Recursive execution stopped.</status>
</kw>
<return>
<value>${result}</value>
<status status="NOT RUN" start="2025-08-02T00:02:22.078266" elapsed="0.000000"/>
</return>
<var>${result}</var>
<arg>${db_uri}</arg>
<arg>${db_name}</arg>
<status status="FAIL" start="2025-08-02T00:02:22.041874" elapsed="0.036392">Recursive execution stopped.</status>
</kw>
<return>
<value>${result}</value>
<status status="NOT RUN" start="2025-08-02T00:02:22.078266" elapsed="0.000000"/>
</return>
<var>${result}</var>
<arg>${db_uri}</arg>
<arg>${db_name}</arg>
<status status="FAIL" start="2025-08-02T00:02:22.041874" elapsed="0.036392">Recursive execution stopped.</status>
</kw>
<return>
<value>${result}</value>
<status status="NOT RUN" start="2025-08-02T00:02:22.078266" elapsed="0.000000"/>
</return>
<var>${result}</var>
<arg>${db_uri}</arg>
<arg>${db_name}</arg>
<status status="FAIL" start="2025-08-02T00:02:22.041874" elapsed="0.036392">Recursive execution stopped.</status>
</kw>
<return>
<value>${result}</value>
<status status="NOT RUN" start="2025-08-02T00:02:22.078266" elapsed="0.000000"/>
</return>
<var>${result}</var>
<arg>${db_uri}</arg>
<arg>${db_name}</arg>
<status status="FAIL" start="2025-08-02T00:02:22.041874" elapsed="0.036392">Recursive execution stopped.</status>
</kw>
<return>
<value>${result}</value>
<status status="NOT RUN" start="2025-08-02T00:02:22.078266" elapsed="0.000000"/>
</return>
<var>${result}</var>
<arg>${db_uri}</arg>
<arg>${db_name}</arg>
<status status="FAIL" start="2025-08-02T00:02:22.041874" elapsed="0.036392">Recursive execution stopped.</status>
</kw>
<return>
<value>${result}</value>
<status status="NOT RUN" start="2025-08-02T00:02:22.078266" elapsed="0.000000"/>
</return>
<var>${result}</var>
<arg>${db_uri}</arg>
<arg>${db_name}</arg>
<status status="FAIL" start="2025-08-02T00:02:22.041874" elapsed="0.036392">Recursive execution stopped.</status>
</kw>
<return>
<value>${result}</value>
<status status="NOT RUN" start="2025-08-02T00:02:22.078266" elapsed="0.000000"/>
</return>
<var>${result}</var>
<arg>${db_uri}</arg>
<arg>${db_name}</arg>
<status status="FAIL" start="2025-08-02T00:02:22.041874" elapsed="0.036392">Recursive execution stopped.</status>
</kw>
<return>
<value>${result}</value>
<status status="NOT RUN" start="2025-08-02T00:02:22.078266" elapsed="0.000000"/>
</return>
<var>${result}</var>
<arg>${db_uri}</arg>
<arg>${db_name}</arg>
<status status="FAIL" start="2025-08-02T00:02:22.041874" elapsed="0.036392">Recursive execution stopped.</status>
</kw>
<return>
<value>${result}</value>
<status status="NOT RUN" start="2025-08-02T00:02:22.078266" elapsed="0.000000"/>
</return>
<var>${result}</var>
<arg>${db_uri}</arg>
<arg>${db_name}</arg>
<status status="FAIL" start="2025-08-02T00:02:22.041874" elapsed="0.036392">Recursive execution stopped.</status>
</kw>
<return>
<value>${result}</value>
<status status="NOT RUN" start="2025-08-02T00:02:22.078266" elapsed="0.000000"/>
</return>
<var>${result}</var>
<arg>${db_uri}</arg>
<arg>${db_name}</arg>
<status status="FAIL" start="2025-08-02T00:02:22.041874" elapsed="0.036392">Recursive execution stopped.</status>
</kw>
<return>
<value>${result}</value>
<status status="NOT RUN" start="2025-08-02T00:02:22.078266" elapsed="0.000000"/>
</return>
<var>${result}</var>
<arg>${db_uri}</arg>
<arg>${db_name}</arg>
<status status="FAIL" start="2025-08-02T00:02:22.036865" elapsed="0.041401">Recursive execution stopped.</status>
</kw>
<return>
<value>${result}</value>
<status status="NOT RUN" start="2025-08-02T00:02:22.078266" elapsed="0.000000"/>
</return>
<var>${result}</var>
<arg>${db_uri}</arg>
<arg>${db_name}</arg>
<status status="FAIL" start="2025-08-02T00:02:22.036865" elapsed="0.041401">Recursive execution stopped.</status>
</kw>
<return>
<value>${result}</value>
<status status="NOT RUN" start="2025-08-02T00:02:22.078266" elapsed="0.000000"/>
</return>
<var>${result}</var>
<arg>${db_uri}</arg>
<arg>${db_name}</arg>
<status status="FAIL" start="2025-08-02T00:02:22.036865" elapsed="0.041401">Recursive execution stopped.</status>
</kw>
<return>
<value>${result}</value>
<status status="NOT RUN" start="2025-08-02T00:02:22.078266" elapsed="0.000000"/>
</return>
<var>${result}</var>
<arg>${db_uri}</arg>
<arg>${db_name}</arg>
<status status="FAIL" start="2025-08-02T00:02:22.036865" elapsed="0.041401">Recursive execution stopped.</status>
</kw>
<return>
<value>${result}</value>
<status status="NOT RUN" start="2025-08-02T00:02:22.078266" elapsed="0.000000"/>
</return>
<var>${result}</var>
<arg>${db_uri}</arg>
<arg>${db_name}</arg>
<status status="FAIL" start="2025-08-02T00:02:22.036865" elapsed="0.041401">Recursive execution stopped.</status>
</kw>
<return>
<value>${result}</value>
<status status="NOT RUN" start="2025-08-02T00:02:22.078266" elapsed="0.000000"/>
</return>
<var>${result}</var>
<arg>${db_uri}</arg>
<arg>${db_name}</arg>
<status status="FAIL" start="2025-08-02T00:02:22.036865" elapsed="0.049955">Recursive execution stopped.</status>
</kw>
<return>
<value>${result}</value>
<status status="NOT RUN" start="2025-08-02T00:02:22.086820" elapsed="0.000000"/>
</return>
<var>${result}</var>
<arg>${db_uri}</arg>
<arg>${db_name}</arg>
<status status="FAIL" start="2025-08-02T00:02:22.036865" elapsed="0.049955">Recursive execution stopped.</status>
</kw>
<return>
<value>${result}</value>
<status status="NOT RUN" start="2025-08-02T00:02:22.086820" elapsed="0.000000"/>
</return>
<var>${result}</var>
<arg>${db_uri}</arg>
<arg>${db_name}</arg>
<status status="FAIL" start="2025-08-02T00:02:22.036865" elapsed="0.049955">Recursive execution stopped.</status>
</kw>
<return>
<value>${result}</value>
<status status="NOT RUN" start="2025-08-02T00:02:22.086820" elapsed="0.000000"/>
</return>
<var>${result}</var>
<arg>${db_uri}</arg>
<arg>${db_name}</arg>
<status status="FAIL" start="2025-08-02T00:02:22.036865" elapsed="0.049955">Recursive execution stopped.</status>
</kw>
<return>
<value>${result}</value>
<status status="NOT RUN" start="2025-08-02T00:02:22.086820" elapsed="0.000000"/>
</return>
<var>${result}</var>
<arg>${db_uri}</arg>
<arg>${db_name}</arg>
<status status="FAIL" start="2025-08-02T00:02:22.036865" elapsed="0.049955">Recursive execution stopped.</status>
</kw>
<return>
<value>${result}</value>
<status status="NOT RUN" start="2025-08-02T00:02:22.086820" elapsed="0.000000"/>
</return>
<var>${result}</var>
<arg>${db_uri}</arg>
<arg>${db_name}</arg>
<status status="FAIL" start="2025-08-02T00:02:22.036865" elapsed="0.049955">Recursive execution stopped.</status>
</kw>
<return>
<value>${result}</value>
<status status="NOT RUN" start="2025-08-02T00:02:22.086820" elapsed="0.000000"/>
</return>
<var>${result}</var>
<arg>${db_uri}</arg>
<arg>${db_name}</arg>
<status status="FAIL" start="2025-08-02T00:02:22.036865" elapsed="0.049955">Recursive execution stopped.</status>
</kw>
<return>
<value>${result}</value>
<status status="NOT RUN" start="2025-08-02T00:02:22.089391" elapsed="0.000000"/>
</return>
<var>${result}</var>
<arg>${db_uri}</arg>
<arg>${db_name}</arg>
<status status="FAIL" start="2025-08-02T00:02:22.031796" elapsed="0.058984">Recursive execution stopped.</status>
</kw>
<return>
<value>${result}</value>
<status status="NOT RUN" start="2025-08-02T00:02:22.090780" elapsed="0.000000"/>
</return>
<var>${result}</var>
<arg>${db_uri}</arg>
<arg>${db_name}</arg>
<status status="FAIL" start="2025-08-02T00:02:22.031796" elapsed="0.058984">Recursive execution stopped.</status>
</kw>
<return>
<value>${result}</value>
<status status="NOT RUN" start="2025-08-02T00:02:22.090780" elapsed="0.000000"/>
</return>
<var>${result}</var>
<arg>${db_uri}</arg>
<arg>${db_name}</arg>
<status status="FAIL" start="2025-08-02T00:02:22.031796" elapsed="0.058984">Recursive execution stopped.</status>
</kw>
<return>
<value>${result}</value>
<status status="NOT RUN" start="2025-08-02T00:02:22.090780" elapsed="0.000000"/>
</return>
<var>${result}</var>
<arg>${db_uri}</arg>
<arg>${db_name}</arg>
<status status="FAIL" start="2025-08-02T00:02:22.031796" elapsed="0.058984">Recursive execution stopped.</status>
</kw>
<return>
<value>${result}</value>
<status status="NOT RUN" start="2025-08-02T00:02:22.090780" elapsed="0.000000"/>
</return>
<var>${result}</var>
<arg>${db_uri}</arg>
<arg>${db_name}</arg>
<status status="FAIL" start="2025-08-02T00:02:22.031796" elapsed="0.058984">Recursive execution stopped.</status>
</kw>
<return>
<value>${result}</value>
<status status="NOT RUN" start="2025-08-02T00:02:22.090780" elapsed="0.000000"/>
</return>
<var>${result}</var>
<arg>${db_uri}</arg>
<arg>${db_name}</arg>
<status status="FAIL" start="2025-08-02T00:02:22.031796" elapsed="0.058984">Recursive execution stopped.</status>
</kw>
<return>
<value>${result}</value>
<status status="NOT RUN" start="2025-08-02T00:02:22.090780" elapsed="0.000000"/>
</return>
<var>${result}</var>
<arg>${db_uri}</arg>
<arg>${db_name}</arg>
<status status="FAIL" start="2025-08-02T00:02:22.031796" elapsed="0.058984">Recursive execution stopped.</status>
</kw>
<return>
<value>${result}</value>
<status status="NOT RUN" start="2025-08-02T00:02:22.090780" elapsed="0.000000"/>
</return>
<var>${result}</var>
<arg>${db_uri}</arg>
<arg>${db_name}</arg>
<status status="FAIL" start="2025-08-02T00:02:22.031796" elapsed="0.064996">Recursive execution stopped.</status>
</kw>
<return>
<value>${result}</value>
<status status="NOT RUN" start="2025-08-02T00:02:22.096849" elapsed="0.000000"/>
</return>
<var>${result}</var>
<arg>${db_uri}</arg>
<arg>${db_name}</arg>
<status status="FAIL" start="2025-08-02T00:02:22.031796" elapsed="0.065053">Recursive execution stopped.</status>
</kw>
<return>
<value>${result}</value>
<status status="NOT RUN" start="2025-08-02T00:02:22.096849" elapsed="0.000000"/>
</return>
<var>${result}</var>
<arg>${db_uri}</arg>
<arg>${db_name}</arg>
<status status="FAIL" start="2025-08-02T00:02:22.031796" elapsed="0.065053">Recursive execution stopped.</status>
</kw>
<return>
<value>${result}</value>
<status status="NOT RUN" start="2025-08-02T00:02:22.096849" elapsed="0.000000"/>
</return>
<var>${result}</var>
<arg>${db_uri}</arg>
<arg>${db_name}</arg>
<status status="FAIL" start="2025-08-02T00:02:22.031796" elapsed="0.065053">Recursive execution stopped.</status>
</kw>
<return>
<value>${result}</value>
<status status="NOT RUN" start="2025-08-02T00:02:22.096849" elapsed="0.000000"/>
</return>
<var>${result}</var>
<arg>${db_uri}</arg>
<arg>${db_name}</arg>
[...]
</kw>
<return>
<value>${result}</value>
<status status="NOT RUN" start="2025-08-02T00:02:24.501978" elapsed="0.000000"/>
</return>
<var>${result}</var>
<arg>${db_uri}</arg>
<arg>${db_name}</arg>
<status status="FAIL" start="2025-08-02T00:02:24.371879" elapsed="0.130099">Recursive execution stopped.</status>
</kw>
<return>
<value>${result}</value>
<status status="NOT RUN" start="2025-08-02T00:02:24.501978" elapsed="0.000000"/>
</return>
<var>${result}</var>
<arg>${db_uri}</arg>
<arg>${db_name}</arg>
<status status="FAIL" start="2025-08-02T00:02:24.371879" elapsed="0.130099">Recursive execution stopped.</status>
</kw>
<return>
<value>${result}</value>
<status status="NOT RUN" start="2025-08-02T00:02:24.501978" elapsed="0.000000"/>
</return>
<var>${result}</var>
<arg>${db_uri}</arg>
<arg>${db_name}</arg>
<status status="FAIL" start="2025-08-02T00:02:24.371879" elapsed="0.130099">Recursive execution stopped.</status>
</kw>
<return>
<value>${result}</value>
<status status="NOT RUN" start="2025-08-02T00:02:24.501978" elapsed="0.004523"/>
</return>
<var>${result}</var>
<arg>${db_uri}</arg>
<arg>${db_name}</arg>
<status status="FAIL" start="2025-08-02T00:02:24.371879" elapsed="0.134622">Recursive execution stopped.</status>
</kw>
<return>
<value>${result}</value>
<status status="NOT RUN" start="2025-08-02T00:02:24.506501" elapsed="0.000000"/>
</return>
<var>${result}</var>
<arg>${db_uri}</arg>
<arg>${db_name}</arg>
<status status="FAIL" start="2025-08-02T00:02:24.371879" elapsed="0.134622">Recursive execution stopped.</status>
</kw>
<return>
<value>${result}</value>
<status status="NOT RUN" start="2025-08-02T00:02:24.506501" elapsed="0.000000"/>
</return>
<var>${result}</var>
<arg>${db_uri}</arg>
<arg>${db_name}</arg>
<status status="FAIL" start="2025-08-02T00:02:24.371879" elapsed="0.134622">Recursive execution stopped.</status>
</kw>
<return>
<value>${result}</value>
<status status="NOT RUN" start="2025-08-02T00:02:24.506501" elapsed="0.000000"/>
</return>
<var>${result}</var>
<arg>${db_uri}</arg>
<arg>${db_name}</arg>
<status status="FAIL" start="2025-08-02T00:02:24.371879" elapsed="0.134622">Recursive execution stopped.</status>
</kw>
<return>
<value>${result}</value>
<status status="NOT RUN" start="2025-08-02T00:02:24.506501" elapsed="0.000000"/>
</return>
<var>${result}</var>
<arg>${db_uri}</arg>
<arg>${db_name}</arg>
<status status="FAIL" start="2025-08-02T00:02:24.371879" elapsed="0.134622">Recursive execution stopped.</status>
</kw>
<return>
<value>${result}</value>
<status status="NOT RUN" start="2025-08-02T00:02:24.506501" elapsed="0.000000"/>
</return>
<var>${result}</var>
<arg>${db_uri}</arg>
<arg>${db_name}</arg>
<status status="FAIL" start="2025-08-02T00:02:24.371879" elapsed="0.134622">Recursive execution stopped.</status>
</kw>
<return>
<value>${result}</value>
<status status="NOT RUN" start="2025-08-02T00:02:24.506501" elapsed="0.000000"/>
</return>
<var>${result}</var>
<arg>${db_uri}</arg>
<arg>${db_name}</arg>
<status status="FAIL" start="2025-08-02T00:02:24.366857" elapsed="0.139644">Recursive execution stopped.</status>
</kw>
<return>
<value>${result}</value>
<status status="NOT RUN" start="2025-08-02T00:02:24.506501" elapsed="0.000000"/>
</return>
<var>${result}</var>
<arg>${db_uri}</arg>
<arg>${db_name}</arg>
<status status="FAIL" start="2025-08-02T00:02:24.366857" elapsed="0.139644">Recursive execution stopped.</status>
</kw>
<return>
<value>${result}</value>
<status status="NOT RUN" start="2025-08-02T00:02:24.506501" elapsed="0.000000"/>
</return>
<var>${result}</var>
<arg>${db_uri}</arg>
<arg>${db_name}</arg>
<status status="FAIL" start="2025-08-02T00:02:24.366857" elapsed="0.139644">Recursive execution stopped.</status>
</kw>
<return>
<value>${result}</value>
<status status="NOT RUN" start="2025-08-02T00:02:24.506501" elapsed="0.000000"/>
</return>
<var>${result}</var>
<arg>${db_uri}</arg>
<arg>${db_name}</arg>
<status status="FAIL" start="2025-08-02T00:02:24.366857" elapsed="0.139644">Recursive execution stopped.</status>
</kw>
<return>
<value>${result}</value>
<status status="NOT RUN" start="2025-08-02T00:02:24.506501" elapsed="0.000000"/>
</return>
<var>${result}</var>
<arg>${db_uri}</arg>
<arg>${db_name}</arg>
<status status="FAIL" start="2025-08-02T00:02:24.366857" elapsed="0.139644">Recursive execution stopped.</status>
</kw>
<return>
<value>${result}</value>
<status status="NOT RUN" start="2025-08-02T00:02:24.506501" elapsed="0.000000"/>
</return>
<var>${result}</var>
<arg>${db_uri}</arg>
<arg>${db_name}</arg>
<status status="FAIL" start="2025-08-02T00:02:24.366857" elapsed="0.144698">Recursive execution stopped.</status>
</kw>
<return>
<value>${result}</value>
<status status="NOT RUN" start="2025-08-02T00:02:24.511555" elapsed="0.000000"/>
</return>
<var>${result}</var>
<arg>${db_uri}</arg>
<arg>${db_name}</arg>
<status status="FAIL" start="2025-08-02T00:02:24.366857" elapsed="0.144698">Recursive execution stopped.</status>
</kw>
<return>
<value>${result}</value>
<status status="NOT RUN" start="2025-08-02T00:02:24.511555" elapsed="0.000000"/>
</return>
<var>${result}</var>
<arg>${db_uri}</arg>
<arg>${db_name}</arg>
<status status="FAIL" start="2025-08-02T00:02:24.361766" elapsed="0.149789">Recursive execution stopped.</status>
</kw>
<return>
<value>${result}</value>
<status status="NOT RUN" start="2025-08-02T00:02:24.511555" elapsed="0.000000"/>
</return>
<var>${result}</var>
<arg>${db_uri}</arg>
<arg>${db_name}</arg>
<status status="FAIL" start="2025-08-02T00:02:24.361766" elapsed="0.149789">Recursive execution stopped.</status>
</kw>
<return>
<value>${result}</value>
<status status="NOT RUN" start="2025-08-02T00:02:24.511555" elapsed="0.000000"/>
</return>
<var>${result}</var>
<arg>${db_uri}</arg>
<arg>${db_name}</arg>
<status status="FAIL" start="2025-08-02T00:02:24.361766" elapsed="0.149789">Recursive execution stopped.</status>
</kw>
<return>
<value>${result}</value>
<status status="NOT RUN" start="2025-08-02T00:02:24.511555" elapsed="0.000000"/>
</return>
<var>${result}</var>
<arg>${db_uri}</arg>
<arg>${db_name}</arg>
<status status="FAIL" start="2025-08-02T00:02:24.361766" elapsed="0.149789">Recursive execution stopped.</status>
</kw>
<return>
<value>${result}</value>
<status status="NOT RUN" start="2025-08-02T00:02:24.513073" elapsed="0.000000"/>
</return>
<var>${result}</var>
<arg>${db_uri}</arg>
<arg>${db_name}</arg>
<status status="FAIL" start="2025-08-02T00:02:24.361766" elapsed="0.151307">Recursive execution stopped.</status>
</kw>
<return>
<value>${result}</value>
<status status="NOT RUN" start="2025-08-02T00:02:24.513073" elapsed="0.000000"/>
</return>
<var>${result}</var>
<arg>${db_uri}</arg>
<arg>${db_name}</arg>
<status status="FAIL" start="2025-08-02T00:02:24.361766" elapsed="0.151307">Recursive execution stopped.</status>
</kw>
<return>
<value>${result}</value>
<status status="NOT RUN" start="2025-08-02T00:02:24.513073" elapsed="0.000000"/>
</return>
<var>${result}</var>
<arg>${db_uri}</arg>
<arg>${db_name}</arg>
<status status="FAIL" start="2025-08-02T00:02:24.361766" elapsed="0.151307">Recursive execution stopped.</status>
</kw>
<return>
<value>${result}</value>
<status status="NOT RUN" start="2025-08-02T00:02:24.513073" elapsed="0.000000"/>
</return>
<var>${result}</var>
<arg>${db_uri}</arg>
<arg>${db_name}</arg>
<status status="FAIL" start="2025-08-02T00:02:24.361766" elapsed="0.151307">Recursive execution stopped.</status>
</kw>
<return>
<value>${result}</value>
<status status="NOT RUN" start="2025-08-02T00:02:24.513073" elapsed="0.000000"/>
</return>
<var>${result}</var>
<arg>${db_uri}</arg>
<arg>${db_name}</arg>
<status status="FAIL" start="2025-08-02T00:02:24.356752" elapsed="0.156321">Recursive execution stopped.</status>
</kw>
<return>
<value>${result}</value>
<status status="NOT RUN" start="2025-08-02T00:02:24.513073" elapsed="0.000000"/>
</return>
<var>${result}</var>
<arg>${db_uri}</arg>
<arg>${db_name}</arg>
<status status="FAIL" start="2025-08-02T00:02:24.356752" elapsed="0.156321">Recursive execution stopped.</status>
</kw>
<return>
<value>${result}</value>
<status status="NOT RUN" start="2025-08-02T00:02:24.513073" elapsed="0.000000"/>
</return>
<var>${result}</var>
<arg>${db_uri}</arg>
<arg>${db_name}</arg>
<status status="FAIL" start="2025-08-02T00:02:24.356752" elapsed="0.156321">Recursive execution stopped.</status>
</kw>
<return>
<value>${result}</value>
<status status="NOT RUN" start="2025-08-02T00:02:24.513073" elapsed="0.000000"/>
</return>
<var>${result}</var>
<arg>${db_uri}</arg>
<arg>${db_name}</arg>
<status status="FAIL" start="2025-08-02T00:02:24.356752" elapsed="0.156321">Recursive execution stopped.</status>
</kw>
<return>
<value>${result}</value>
<status status="NOT RUN" start="2025-08-02T00:02:24.513073" elapsed="0.000000"/>
</return>
<var>${result}</var>
<arg>${db_uri}</arg>
<arg>${db_name}</arg>
<status status="FAIL" start="2025-08-02T00:02:24.356752" elapsed="0.156321">Recursive execution stopped.</status>
</kw>
<return>
<value>${result}</value>
<status status="NOT RUN" start="2025-08-02T00:02:24.513073" elapsed="0.000000"/>
</return>
<var>${result}</var>
<arg>${db_uri}</arg>
<arg>${db_name}</arg>
<status status="FAIL" start="2025-08-02T00:02:24.356752" elapsed="0.156321">Recursive execution stopped.</status>
</kw>
<return>
<value>${result}</value>
<status status="NOT RUN" start="2025-08-02T00:02:24.513073" elapsed="0.000000"/>
</return>
<var>${result}</var>
<arg>${db_uri}</arg>
<arg>${db_name}</arg>
<status status="FAIL" start="2025-08-02T00:02:24.356752" elapsed="0.159836">Recursive execution stopped.</status>
</kw>
<return>
<value>${result}</value>
<status status="NOT RUN" start="2025-08-02T00:02:24.516588" elapsed="0.000000"/>
</return>
<var>${result}</var>
<arg>${db_uri}</arg>
<arg>${db_name}</arg>
<status status="FAIL" start="2025-08-02T00:02:24.356752" elapsed="0.159836">Recursive execution stopped.</status>
</kw>
<return>
<value>${result}</value>
<status status="NOT RUN" start="2025-08-02T00:02:24.516588" elapsed="0.000000"/>
</return>
<var>${result}</var>
<arg>${db_uri}</arg>
<arg>${db_name}</arg>
<status status="FAIL" start="2025-08-02T00:02:24.356752" elapsed="0.159836">Recursive execution stopped.</status>
</kw>
<return>
<value>${result}</value>
<status status="NOT RUN" start="2025-08-02T00:02:24.516588" elapsed="0.000000"/>
</return>
<var>${result}</var>
<arg>${db_uri}</arg>
<arg>${db_name}</arg>
<status status="FAIL" start="2025-08-02T00:02:24.356752" elapsed="0.159836">Recursive execution stopped.</status>
</kw>
<return>
<value>${result}</value>
<status status="NOT RUN" start="2025-08-02T00:02:24.516588" elapsed="0.000000"/>
</return>
<var>${result}</var>
<arg>${db_uri}</arg>
<arg>${db_name}</arg>
<status status="FAIL" start="2025-08-02T00:02:24.356752" elapsed="0.159836">Recursive execution stopped.</status>
</kw>
<return>
<value>${result}</value>
<status status="NOT RUN" start="2025-08-02T00:02:24.516588" elapsed="0.000000"/>
</return>
<var>${result}</var>
<arg>${db_uri}</arg>
<arg>${db_name}</arg>
<status status="FAIL" start="2025-08-02T00:02:24.351661" elapsed="0.164927">Recursive execution stopped.</status>
</kw>
<return>
<value>${result}</value>
<status status="NOT RUN" start="2025-08-02T00:02:24.516588" elapsed="0.000000"/>
</return>
<var>${result}</var>
<arg>${db_uri}</arg>
<arg>${db_name}</arg>
<status status="FAIL" start="2025-08-02T00:02:24.351661" elapsed="0.164927">Recursive execution stopped.</status>
</kw>
<return>
<value>${result}</value>
<status status="NOT RUN" start="2025-08-02T00:02:24.516588" elapsed="0.000000"/>
</return>
<var>${result}</var>
<arg>${db_uri}</arg>
<arg>${db_name}</arg>
<status status="FAIL" start="2025-08-02T00:02:24.351661" elapsed="0.164927">Recursive execution stopped.</status>
</kw>
<return>
<value>${result}</value>
<status status="NOT RUN" start="2025-08-02T00:02:24.516588" elapsed="0.000000"/>
</return>
<var>${result}</var>
<arg>${db_uri}</arg>
<arg>${db_name}</arg>
<status status="FAIL" start="2025-08-02T00:02:24.351661" elapsed="0.164927">Recursive execution stopped.</status>
</kw>
<return>
<value>${result}</value>
<status status="NOT RUN" start="2025-08-02T00:02:24.516588" elapsed="0.000000"/>
</return>
<var>${result}</var>
<arg>${db_uri}</arg>
<arg>${db_name}</arg>
<status status="FAIL" start="2025-08-02T00:02:24.351661" elapsed="0.164927">Recursive execution stopped.</status>
</kw>
<return>
<value>${result}</value>
<status status="NOT RUN" start="2025-08-02T00:02:24.516588" elapsed="0.000000"/>
</return>
<var>${result}</var>
<arg>${db_uri}</arg>
<arg>${db_name}</arg>
<status status="FAIL" start="2025-08-02T00:02:24.351661" elapsed="0.164927">Recursive execution stopped.</status>
</kw>
<return>
<value>${result}</value>
<status status="NOT RUN" start="2025-08-02T00:02:24.516588" elapsed="0.000000"/>
</return>
<var>${result}</var>
<arg>${db_uri}</arg>
<arg>${db_name}</arg>
<status status="FAIL" start="2025-08-02T00:02:24.351661" elapsed="0.164927">Recursive execution stopped.</status>
</kw>
<return>
<value>${result}</value>
<status status="NOT RUN" start="2025-08-02T00:02:24.516588" elapsed="0.000000"/>
</return>
<var>${result}</var>
<arg>${db_uri}</arg>
<arg>${db_name}</arg>
<status status="FAIL" start="2025-08-02T00:02:24.351661" elapsed="0.164927">Recursive execution stopped.</status>
</kw>
<return>
<value>${result}</value>
<status status="NOT RUN" start="2025-08-02T00:02:24.516588" elapsed="0.000000"/>
</return>
<var>${result}</var>
<arg>${db_uri}</arg>
<arg>${db_name}</arg>
<status status="FAIL" start="2025-08-02T00:02:24.351661" elapsed="0.164927">Recursive execution stopped.</status>
</kw>
<return>
<value>${result}</value>
<status status="NOT RUN" start="2025-08-02T00:02:24.516588" elapsed="0.000000"/>
</return>
<var>${result}</var>
<arg>${db_uri}</arg>
<arg>${db_name}</arg>
<status status="FAIL" start="2025-08-02T00:02:24.351661" elapsed="0.164927">Recursive execution stopped.</status>
</kw>
<return>
<value>${result}</value>
<status status="NOT RUN" start="2025-08-02T00:02:24.516588" elapsed="0.000000"/>
</return>
<var>${result}</var>
<arg>${db_uri}</arg>
<arg>${db_name}</arg>
<status status="FAIL" start="2025-08-02T00:02:24.351661" elapsed="0.164927">Recursive execution stopped.</status>
</kw>
<return>
<value>${result}</value>
<status status="NOT RUN" start="2025-08-02T00:02:24.516588" elapsed="0.000000"/>
</return>
<var>${result}</var>
<arg>${db_uri}</arg>
<arg>${db_name}</arg>
<status status="FAIL" start="2025-08-02T00:02:24.351661" elapsed="0.164927">Recursive execution stopped.</status>
</kw>
<return>
<value>${result}</value>
<status status="NOT RUN" start="2025-08-02T00:02:24.516588" elapsed="0.000000"/>
</return>
<var>${result}</var>
<arg>${db_uri}</arg>
<arg>${db_name}</arg>
<status status="FAIL" start="2025-08-02T00:02:24.346642" elapsed="0.169946">Recursive execution stopped.</status>
</kw>
<return>
<value>${result}</value>
<status status="NOT RUN" start="2025-08-02T00:02:24.516588" elapsed="0.000000"/>
</return>
<var>${result}</var>
<arg>${db_uri}</arg>
<arg>${db_name}</arg>
<status status="FAIL" start="2025-08-02T00:02:24.346642" elapsed="0.169946">Recursive execution stopped.</status>
</kw>
<return>
<value>${result}</value>
<status status="NOT RUN" start="2025-08-02T00:02:24.516588" elapsed="0.000000"/>
</return>
<var>${result}</var>
<arg>${db_uri}</arg>
<arg>${db_name}</arg>
<status status="FAIL" start="2025-08-02T00:02:24.346642" elapsed="0.169946">Recursive execution stopped.</status>
</kw>
<return>
<value>${result}</value>
<status status="NOT RUN" start="2025-08-02T00:02:24.516588" elapsed="0.000000"/>
</return>
<var>${result}</var>
<arg>${db_uri}</arg>
<arg>${db_name}</arg>
<status status="FAIL" start="2025-08-02T00:02:24.346642" elapsed="0.169946">Recursive execution stopped.</status>
</kw>
<return>
<value>${result}</value>
<status status="NOT RUN" start="2025-08-02T00:02:24.521652" elapsed="0.000000"/>
</return>
<var>${result}</var>
<arg>${db_uri}</arg>
<arg>${db_name}</arg>
<status status="FAIL" start="2025-08-02T00:02:24.346642" elapsed="0.175010">Recursive execution stopped.</status>
</kw>
<return>
<value>${result}</value>
<status status="NOT RUN" start="2025-08-02T00:02:24.521652" elapsed="0.000000"/>
</return>
<var>${result}</var>
<arg>${db_uri}</arg>
<arg>${db_name}</arg>
<status status="FAIL" start="2025-08-02T00:02:24.346642" elapsed="0.175010">Recursive execution stopped.</status>
</kw>
<return>
<value>${result}</value>
<status status="NOT RUN" start="2025-08-02T00:02:24.521652" elapsed="0.000000"/>
</return>
<var>${result}</var>
<arg>${db_uri}</arg>
<arg>${db_name}</arg>
<status status="FAIL" start="2025-08-02T00:02:24.346642" elapsed="0.175010">Recursive execution stopped.</status>
</kw>
<return>
<value>${result}</value>
<status status="NOT RUN" start="2025-08-02T00:02:24.521652" elapsed="0.000000"/>
</return>
<var>${result}</var>
<arg>${db_uri}</arg>
<arg>${db_name}</arg>
<status status="FAIL" start="2025-08-02T00:02:24.346642" elapsed="0.175010">Recursive execution stopped.</status>
</kw>
<return>
<value>${result}</value>
<status status="NOT RUN" start="2025-08-02T00:02:24.521652" elapsed="0.000000"/>
</return>
<var>${result}</var>
<arg>${db_uri}</arg>
<arg>${db_name}</arg>
<status status="FAIL" start="2025-08-02T00:02:24.346642" elapsed="0.175010">Recursive execution stopped.</status>
</kw>
<return>
<value>${result}</value>
<status status="NOT RUN" start="2025-08-02T00:02:24.521652" elapsed="0.000000"/>
</return>
<var>${result}</var>
<arg>${db_uri}</arg>
<arg>${db_name}</arg>
<status status="FAIL" start="2025-08-02T00:02:24.336750" elapsed="0.184902">Recursive execution stopped.</status>
</kw>
<return>
<value>${result}</value>
<status status="NOT RUN" start="2025-08-02T00:02:24.521652" elapsed="0.000000"/>
</return>
<arg>${DB_URI}</arg>
<status status="FAIL" start="2025-08-02T00:02:24.336750" elapsed="0.184902">Recursive execution stopped.</status>
</kw>
<kw name="Create Dictionary" owner="BuiltIn">
<var>&amp;{invalid_order}</var>
<arg>userId=testuser</arg>
<arg>products=invalid</arg>
<doc>Creates and returns a dictionary based on the given ``items``.</doc>
<status status="NOT RUN" start="2025-08-02T00:02:24.521652" elapsed="0.000000"/>
</kw>
<kw name="Run Keyword And Expect Error" owner="BuiltIn">
<arg>*</arg>
<arg>Insert Document</arg>
<arg>${ORDERS_COLLECTION}</arg>
<arg>${invalid_order}</arg>
<doc>Runs the keyword and checks that the expected error occurred.</doc>
<status status="NOT RUN" start="2025-08-02T00:02:24.521652" elapsed="0.000000"/>
</kw>
<kw name="Disconnect From DB" owner="common">
<status status="NOT RUN" start="2025-08-02T00:02:24.521652" elapsed="0.000000"/>
</kw>
<doc>Test de création avec format de produits invalide
✗ DOIT ÉCHOUER</doc>
<tag>create</tag>
<tag>invalid</tag>
<tag>orders</tag>
<status status="FAIL" start="2025-08-02T00:02:24.336750" elapsed="0.184902">Recursive execution stopped.</status>
</test>
<doc>Tests de la base de données MongoDB</doc>
<status status="FAIL" start="2025-08-02T00:02:21.566594" elapsed="2.962130"/>
</suite>
<statistics>
<total>
<stat pass="0" fail="16" skip="0">All Tests</stat>
</total>
<tag>
<stat pass="0" fail="2" skip="0">categories</stat>
<stat pass="0" fail="9" skip="0">create</stat>
<stat pass="0" fail="2" skip="0">delete</stat>
<stat pass="0" fail="8" skip="0">invalid</stat>
<stat pass="0" fail="2" skip="0">orders</stat>
<stat pass="0" fail="10" skip="0">products</stat>
<stat pass="0" fail="3" skip="0">read</stat>
<stat pass="0" fail="2" skip="0">update</stat>
<stat pass="0" fail="2" skip="0">users</stat>
<stat pass="0" fail="8" skip="0">valid</stat>
</tag>
<suite>
<stat name="Mongo Tests" id="s1" pass="0" fail="16" skip="0">Mongo Tests</stat>
</suite>
</statistics>
<errors>
<msg time="2025-08-02T00:02:21.816792" level="WARN">Imported library 'C:\Users\LENOVO\Desktop\M1 GL\QA TEST\examen\lab1\ressources\mongodb_keywords.py' contains no keywords.</msg>
</errors>
</robot>
