<?xml version="1.0" encoding="UTF-8"?>
<robot generator="Robot 7.2.2 (Python 3.10.7 on win32)" generated="2025-08-02T05:00:02.319911" rpa="false" schemaversion="5">
<suite id="s1" name="Ui Tests" source="C:\Users\LENOVO\Desktop\M1 GL\QA TEST\examen\lab2\testcases\ui_tests.robot">
<test id="s1-t1" name="Test 1001: Home Page Should Load" line="11">
<kw name="Open CRM Website" owner="common" type="SETUP">
<kw name="Open Browser" owner="SeleniumLibrary">
<msg time="2025-08-02T05:00:02.697714" level="INFO">Opening browser 'chrome' to base url 'https://automationplayground.com/crm/'.</msg>
<arg>${URL}</arg>
<arg>${browser}</arg>
<doc>Opens a new browser instance to the optional ``url``.</doc>
<status status="PASS" start="2025-08-02T05:00:02.697714" elapsed="4.541105"/>
</kw>
<kw name="Maximize Browser Window" owner="SeleniumLibrary">
<doc>Maximizes current browser window.</doc>
<status status="PASS" start="2025-08-02T05:00:07.239821" elapsed="1.283999"/>
</kw>
<kw name="Set Selenium Speed" owner="SeleniumLibrary">
<arg>0.5 seconds</arg>
<doc>Sets the delay that is waited after each Selenium command.</doc>
<status status="PASS" start="2025-08-02T05:00:08.523820" elapsed="0.001002"/>
</kw>
<kw name="Set Selenium Timeout" owner="SeleniumLibrary">
<arg>10 seconds</arg>
<doc>Sets the timeout that is used by various keywords.</doc>
<status status="PASS" start="2025-08-02T05:00:08.526838" elapsed="0.519978"/>
</kw>
<status status="PASS" start="2025-08-02T05:00:02.696716" elapsed="6.350100"/>
</kw>
<kw name="Wait Until Page Contains" owner="SeleniumLibrary">
<arg>Customers Are Priority One!</arg>
<doc>Waits until ``text`` appears on the current page.</doc>
<status status="PASS" start="2025-08-02T05:00:09.047816" elapsed="0.590047"/>
</kw>
<kw name="Page Should Contain" owner="SeleniumLibrary">
<msg time="2025-08-02T05:00:11.734905" level="INFO">Current page contains text 'Sign In'.</msg>
<arg>Sign In</arg>
<doc>Verifies that current page contains ``text``.</doc>
<status status="PASS" start="2025-08-02T05:00:09.696863" elapsed="2.038042"/>
</kw>
<kw name="Close CRM Website" owner="common" type="TEARDOWN">
<kw name="Close All Browsers" owner="SeleniumLibrary">
<doc>Closes all open browsers and resets the browser cache.</doc>
<status status="PASS" start="2025-08-02T05:00:11.736911" elapsed="2.991081"/>
</kw>
<status status="PASS" start="2025-08-02T05:00:11.735911" elapsed="2.992081"/>
</kw>
<doc>Vérifie que la page d'accueil se charge correctement</doc>
<tag>home</tag>
<tag>smoke</tag>
<status status="PASS" start="2025-08-02T05:00:02.695703" elapsed="12.033294"/>
</test>
<test id="s1-t2" name="Test 1002: Login Should Succeed With Valid Credentials" line="17">
<kw name="Open CRM Website" owner="common" type="SETUP">
<kw name="Open Browser" owner="SeleniumLibrary">
<msg time="2025-08-02T05:00:14.736991" level="INFO">Opening browser 'chrome' to base url 'https://automationplayground.com/crm/'.</msg>
<arg>${URL}</arg>
<arg>${browser}</arg>
<doc>Opens a new browser instance to the optional ``url``.</doc>
<status status="PASS" start="2025-08-02T05:00:14.735992" elapsed="5.593498"/>
</kw>
<kw name="Maximize Browser Window" owner="SeleniumLibrary">
<doc>Maximizes current browser window.</doc>
<status status="PASS" start="2025-08-02T05:00:20.330490" elapsed="0.563534"/>
</kw>
<kw name="Set Selenium Speed" owner="SeleniumLibrary">
<arg>0.5 seconds</arg>
<doc>Sets the delay that is waited after each Selenium command.</doc>
<status status="PASS" start="2025-08-02T05:00:20.894024" elapsed="0.001001"/>
</kw>
<kw name="Set Selenium Timeout" owner="SeleniumLibrary">
<arg>10 seconds</arg>
<doc>Sets the timeout that is used by various keywords.</doc>
<status status="PASS" start="2025-08-02T05:00:20.895025" elapsed="0.514022"/>
</kw>
<status status="PASS" start="2025-08-02T05:00:14.733992" elapsed="6.675055"/>
</kw>
<kw name="Login To CRM" owner="common">
<kw name="Click Element" owner="SeleniumLibrary">
<msg time="2025-08-02T05:00:21.412049" level="INFO">Clicking element 'link:Sign In'.</msg>
<arg>${SIGNIN_LINK}</arg>
<doc>Click the element identified by ``locator``.</doc>
<status status="PASS" start="2025-08-02T05:00:21.412049" elapsed="1.731144"/>
</kw>
<kw name="Wait Until Page Contains" owner="SeleniumLibrary">
<arg>Sign In</arg>
<doc>Waits until ``text`` appears on the current page.</doc>
<status status="PASS" start="2025-08-02T05:00:23.144267" elapsed="0.544216"/>
</kw>
<kw name="Input Text" owner="SeleniumLibrary">
<msg time="2025-08-02T05:00:23.690375" level="INFO">Typing text 'admin@robotframeworkb2b.com' into text field 'id:email-id'.</msg>
<arg>${USERNAME_FIELD}</arg>
<arg>${username}</arg>
<doc>Types the given ``text`` into the text field identified by ``locator``.</doc>
<status status="PASS" start="2025-08-02T05:00:23.689366" elapsed="1.756317"/>
</kw>
<kw name="Input Text" owner="SeleniumLibrary">
<msg time="2025-08-02T05:00:25.447690" level="INFO">Typing text 'pwd' into text field 'id:password'.</msg>
<arg>${PASSWORD_FIELD}</arg>
<arg>${password}</arg>
<doc>Types the given ``text`` into the text field identified by ``locator``.</doc>
<status status="PASS" start="2025-08-02T05:00:25.446650" elapsed="1.704390"/>
</kw>
<kw name="Click Button" owner="SeleniumLibrary">
<msg time="2025-08-02T05:00:27.152066" level="INFO">Clicking button 'id:submit-id'.</msg>
<arg>${SUBMIT_BUTTON}</arg>
<doc>Clicks the button identified by ``locator``.</doc>
<status status="PASS" start="2025-08-02T05:00:27.152066" elapsed="3.052769"/>
</kw>
<kw name="Wait Until Page Contains" owner="SeleniumLibrary">
<arg>Our Happy Customers</arg>
<doc>Waits until ``text`` appears on the current page.</doc>
<status status="PASS" start="2025-08-02T05:00:30.206831" elapsed="0.615998"/>
</kw>
<arg>${VALID_USER}</arg>
<arg>${VALID_PASS}</arg>
<status status="PASS" start="2025-08-02T05:00:21.410051" elapsed="9.412778"/>
</kw>
<kw name="Wait Until Page Contains" owner="SeleniumLibrary">
<arg>Our Happy Customers</arg>
<doc>Waits until ``text`` appears on the current page.</doc>
<status status="PASS" start="2025-08-02T05:00:30.823836" elapsed="0.526527"/>
</kw>
<kw name="Close CRM Website" owner="common" type="TEARDOWN">
<kw name="Close All Browsers" owner="SeleniumLibrary">
<doc>Closes all open browsers and resets the browser cache.</doc>
<status status="PASS" start="2025-08-02T05:00:31.353366" elapsed="3.285083"/>
</kw>
<status status="PASS" start="2025-08-02T05:00:31.352365" elapsed="3.286084"/>
</kw>
<doc>Vérifie que la connexion fonctionne avec des identifiants valides</doc>
<tag>login</tag>
<tag>smoke</tag>
<status status="PASS" start="2025-08-02T05:00:14.730997" elapsed="19.907452"/>
</test>
<test id="s1-t3" name="Test 1003: Login Should Fail With Missing Credentials" line="23">
<kw name="Open CRM Website" owner="common" type="SETUP">
<kw name="Open Browser" owner="SeleniumLibrary">
<msg time="2025-08-02T05:00:34.641477" level="INFO">Opening browser 'chrome' to base url 'https://automationplayground.com/crm/'.</msg>
<arg>${URL}</arg>
<arg>${browser}</arg>
<doc>Opens a new browser instance to the optional ``url``.</doc>
<status status="PASS" start="2025-08-02T05:00:34.641477" elapsed="4.845157"/>
</kw>
<kw name="Maximize Browser Window" owner="SeleniumLibrary">
<doc>Maximizes current browser window.</doc>
<status status="PASS" start="2025-08-02T05:00:39.487561" elapsed="0.593910"/>
</kw>
<kw name="Set Selenium Speed" owner="SeleniumLibrary">
<arg>0.5 seconds</arg>
<doc>Sets the delay that is waited after each Selenium command.</doc>
<status status="PASS" start="2025-08-02T05:00:40.082359" elapsed="0.000986"/>
</kw>
<kw name="Set Selenium Timeout" owner="SeleniumLibrary">
<arg>10 seconds</arg>
<doc>Sets the timeout that is used by various keywords.</doc>
<status status="PASS" start="2025-08-02T05:00:40.084332" elapsed="0.511601"/>
</kw>
<status status="PASS" start="2025-08-02T05:00:34.640470" elapsed="5.956383"/>
</kw>
<kw name="Click Element" owner="SeleniumLibrary">
<msg time="2025-08-02T05:00:40.598846" level="INFO">Clicking element 'link:Sign In'.</msg>
<arg>${SIGNIN_LINK}</arg>
<doc>Click the element identified by ``locator``.</doc>
<status status="PASS" start="2025-08-02T05:00:40.597858" elapsed="1.879576"/>
</kw>
<kw name="Click Button" owner="SeleniumLibrary">
<msg time="2025-08-02T05:00:42.480511" level="INFO">Clicking button 'id:submit-id'.</msg>
<arg>${SUBMIT_BUTTON}</arg>
<doc>Clicks the button identified by ``locator``.</doc>
<status status="PASS" start="2025-08-02T05:00:42.479513" elapsed="2.763409"/>
</kw>
<kw name="Page Should Contain Element" owner="SeleniumLibrary">
<msg time="2025-08-02T05:00:45.781267" level="INFO">Current page contains element 'css:input:invalid'.</msg>
<arg>css:input:invalid</arg>
<doc>Verifies that element ``locator`` is found on the current page.</doc>
<status status="PASS" start="2025-08-02T05:00:45.243924" elapsed="0.538346"/>
</kw>
<kw name="Close CRM Website" owner="common" type="TEARDOWN">
<kw name="Close All Browsers" owner="SeleniumLibrary">
<doc>Closes all open browsers and resets the browser cache.</doc>
<status status="PASS" start="2025-08-02T05:00:45.787254" elapsed="2.910959"/>
</kw>
<status status="PASS" start="2025-08-02T05:00:45.786261" elapsed="2.912960"/>
</kw>
<doc>Vérifie que la connexion échoue avec des identifiants manquants</doc>
<tag>functional</tag>
<tag>login</tag>
<status status="PASS" start="2025-08-02T05:00:34.639437" elapsed="14.059784"/>
</test>
<test id="s1-t4" name="Test 1003b: Remember Me Checkbox Should Persist Email Address" line="30">
<kw name="Open CRM Website" owner="common" type="SETUP">
<kw name="Open Browser" owner="SeleniumLibrary">
<msg time="2025-08-02T05:00:48.710219" level="INFO">Opening browser 'chrome' to base url 'https://automationplayground.com/crm/'.</msg>
<arg>${URL}</arg>
<arg>${browser}</arg>
<doc>Opens a new browser instance to the optional ``url``.</doc>
<status status="PASS" start="2025-08-02T05:00:48.709263" elapsed="4.304734"/>
</kw>
<kw name="Maximize Browser Window" owner="SeleniumLibrary">
<doc>Maximizes current browser window.</doc>
<status status="PASS" start="2025-08-02T05:00:53.013997" elapsed="1.061170"/>
</kw>
<kw name="Set Selenium Speed" owner="SeleniumLibrary">
<arg>0.5 seconds</arg>
<doc>Sets the delay that is waited after each Selenium command.</doc>
<status status="PASS" start="2025-08-02T05:00:54.076167" elapsed="0.001000"/>
</kw>
<kw name="Set Selenium Timeout" owner="SeleniumLibrary">
<arg>10 seconds</arg>
<doc>Sets the timeout that is used by various keywords.</doc>
<status status="PASS" start="2025-08-02T05:00:54.079855" elapsed="0.508668"/>
</kw>
<status status="PASS" start="2025-08-02T05:00:48.707263" elapsed="5.882264"/>
</kw>
<kw name="Click Element" owner="SeleniumLibrary">
<msg time="2025-08-02T05:00:54.591512" level="INFO">Clicking element 'link:Sign In'.</msg>
<arg>${SIGNIN_LINK}</arg>
<doc>Click the element identified by ``locator``.</doc>
<status status="PASS" start="2025-08-02T05:00:54.590461" elapsed="2.095710"/>
</kw>
<kw name="Input Text" owner="SeleniumLibrary">
<msg time="2025-08-02T05:00:56.688124" level="INFO">Typing text 'admin@robotframeworkb2b.com' into text field 'id:email-id'.</msg>
<arg>${USERNAME_FIELD}</arg>
<arg>${VALID_USER}</arg>
<doc>Types the given ``text`` into the text field identified by ``locator``.</doc>
<status status="PASS" start="2025-08-02T05:00:56.687084" elapsed="1.796527"/>
</kw>
<kw name="Select Checkbox" owner="SeleniumLibrary">
<msg time="2025-08-02T05:00:58.484461" level="INFO">Selecting checkbox 'id:remember'.</msg>
<arg>${REMEMBER_ME_CHECKBOX}</arg>
<doc>Selects the checkbox identified by ``locator``.</doc>
<status status="PASS" start="2025-08-02T05:00:58.484461" elapsed="14.961870"/>
</kw>
<kw name="Input Text" owner="SeleniumLibrary">
<msg time="2025-08-02T05:01:13.449280" level="INFO">Typing text 'pwd' into text field 'id:password'.</msg>
<arg>${PASSWORD_FIELD}</arg>
<arg>${VALID_PASS}</arg>
<doc>Types the given ``text`` into the text field identified by ``locator``.</doc>
<status status="PASS" start="2025-08-02T05:01:13.448283" elapsed="1.715075"/>
</kw>
<kw name="Click Button" owner="SeleniumLibrary">
<msg time="2025-08-02T05:01:15.166395" level="INFO">Clicking button 'id:submit-id'.</msg>
<arg>${SUBMIT_BUTTON}</arg>
<doc>Clicks the button identified by ``locator``.</doc>
<status status="PASS" start="2025-08-02T05:01:15.165356" elapsed="3.536869"/>
</kw>
<kw name="Click Element" owner="SeleniumLibrary">
<msg time="2025-08-02T05:01:18.703132" level="INFO">Clicking element 'link:Sign Out'.</msg>
<arg>${SIGNOUT_LINK}</arg>
<doc>Click the element identified by ``locator``.</doc>
<status status="PASS" start="2025-08-02T05:01:18.703132" elapsed="1.486430"/>
</kw>
<kw name="Click Element" owner="SeleniumLibrary">
<msg time="2025-08-02T05:01:20.191567" level="INFO">Clicking element 'link:Sign In'.</msg>
<arg>${SIGNIN_LINK}</arg>
<doc>Click the element identified by ``locator``.</doc>
<status status="PASS" start="2025-08-02T05:01:20.190568" elapsed="1.290814"/>
</kw>
<kw name="Textfield Value Should Be" owner="SeleniumLibrary">
<msg time="2025-08-02T05:01:24.185226" level="INFO" html="true">&lt;/td&gt;&lt;/tr&gt;&lt;tr&gt;&lt;td colspan="3"&gt;&lt;a href="selenium-screenshot-5.png"&gt;&lt;img src="selenium-screenshot-5.png" width="800px"&gt;&lt;/a&gt;</msg>
<msg time="2025-08-02T05:01:24.186226" level="FAIL">Value of text field 'id:email-id' should have been 'admin@robotframeworkb2b.com' but was ''.</msg>
<arg>${USERNAME_FIELD}</arg>
<arg>${VALID_USER}</arg>
<doc>Verifies text field ``locator`` has exactly text ``expected``.</doc>
<status status="FAIL" start="2025-08-02T05:01:21.483263" elapsed="2.704998">Value of text field 'id:email-id' should have been 'admin@robotframeworkb2b.com' but was ''.</status>
</kw>
<kw name="Close CRM Website" owner="common" type="TEARDOWN">
<kw name="Close All Browsers" owner="SeleniumLibrary">
<doc>Closes all open browsers and resets the browser cache.</doc>
<status status="PASS" start="2025-08-02T05:01:24.189259" elapsed="3.714539"/>
</kw>
<status status="PASS" start="2025-08-02T05:01:24.189259" elapsed="3.714539"/>
</kw>
<doc>Vérifie que la case "Remember me" conserve l'email</doc>
<tag>functional</tag>
<tag>login</tag>
<status status="FAIL" start="2025-08-02T05:00:48.704227" elapsed="39.200575">Value of text field 'id:email-id' should have been 'admin@robotframeworkb2b.com' but was ''.</status>
</test>
<test id="s1-t5" name="Test 1004: Should Be Able To Log Out" line="42">
<kw name="Open CRM Website" owner="common" type="SETUP">
<kw name="Open Browser" owner="SeleniumLibrary">
<msg time="2025-08-02T05:01:27.908803" level="INFO">Opening browser 'chrome' to base url 'https://automationplayground.com/crm/'.</msg>
<arg>${URL}</arg>
<arg>${browser}</arg>
<doc>Opens a new browser instance to the optional ``url``.</doc>
<status status="PASS" start="2025-08-02T05:01:27.907805" elapsed="5.732026"/>
</kw>
<kw name="Maximize Browser Window" owner="SeleniumLibrary">
<doc>Maximizes current browser window.</doc>
<status status="PASS" start="2025-08-02T05:01:33.639831" elapsed="0.601739"/>
</kw>
<kw name="Set Selenium Speed" owner="SeleniumLibrary">
<arg>0.5 seconds</arg>
<doc>Sets the delay that is waited after each Selenium command.</doc>
<status status="PASS" start="2025-08-02T05:01:34.241570" elapsed="0.001003"/>
</kw>
<kw name="Set Selenium Timeout" owner="SeleniumLibrary">
<arg>10 seconds</arg>
<doc>Sets the timeout that is used by various keywords.</doc>
<status status="PASS" start="2025-08-02T05:01:34.242573" elapsed="1.383999"/>
</kw>
<status status="PASS" start="2025-08-02T05:01:27.906809" elapsed="7.719763"/>
</kw>
<kw name="Login To CRM" owner="common">
<kw name="Click Element" owner="SeleniumLibrary">
<msg time="2025-08-02T05:01:35.629572" level="INFO">Clicking element 'link:Sign In'.</msg>
<arg>${SIGNIN_LINK}</arg>
<doc>Click the element identified by ``locator``.</doc>
<status status="PASS" start="2025-08-02T05:01:35.628575" elapsed="2.049018"/>
</kw>
<kw name="Wait Until Page Contains" owner="SeleniumLibrary">
<arg>Sign In</arg>
<doc>Waits until ``text`` appears on the current page.</doc>
<status status="PASS" start="2025-08-02T05:01:37.677593" elapsed="0.527001"/>
</kw>
<kw name="Input Text" owner="SeleniumLibrary">
<msg time="2025-08-02T05:01:38.205637" level="INFO">Typing text 'admin@robotframeworkb2b.com' into text field 'id:email-id'.</msg>
<arg>${USERNAME_FIELD}</arg>
<arg>${username}</arg>
<doc>Types the given ``text`` into the text field identified by ``locator``.</doc>
<status status="PASS" start="2025-08-02T05:01:38.204594" elapsed="1.761115"/>
</kw>
<kw name="Input Text" owner="SeleniumLibrary">
<msg time="2025-08-02T05:01:39.966610" level="INFO">Typing text 'pwd' into text field 'id:password'.</msg>
<arg>${PASSWORD_FIELD}</arg>
<arg>${password}</arg>
<doc>Types the given ``text`` into the text field identified by ``locator``.</doc>
<status status="PASS" start="2025-08-02T05:01:39.965709" elapsed="1.752241"/>
</kw>
<kw name="Click Button" owner="SeleniumLibrary">
<msg time="2025-08-02T05:01:41.718950" level="INFO">Clicking button 'id:submit-id'.</msg>
<arg>${SUBMIT_BUTTON}</arg>
<doc>Clicks the button identified by ``locator``.</doc>
<status status="PASS" start="2025-08-02T05:01:41.717950" elapsed="7.370041"/>
</kw>
<kw name="Wait Until Page Contains" owner="SeleniumLibrary">
<arg>Our Happy Customers</arg>
<doc>Waits until ``text`` appears on the current page.</doc>
<status status="PASS" start="2025-08-02T05:01:49.088995" elapsed="0.558893"/>
</kw>
<arg>${VALID_USER}</arg>
<arg>${VALID_PASS}</arg>
<status status="PASS" start="2025-08-02T05:01:35.627572" elapsed="14.020316"/>
</kw>
<kw name="Click Element" owner="SeleniumLibrary">
<msg time="2025-08-02T05:01:49.648891" level="INFO">Clicking element 'link:Sign Out'.</msg>
<arg>${SIGNOUT_LINK}</arg>
<doc>Click the element identified by ``locator``.</doc>
<status status="PASS" start="2025-08-02T05:01:49.648891" elapsed="1.513005"/>
</kw>
<kw name="Page Should Contain" owner="SeleniumLibrary">
<msg time="2025-08-02T05:01:52.219841" level="INFO">Current page contains text 'Signed Out'.</msg>
<arg>Signed Out</arg>
<doc>Verifies that current page contains ``text``.</doc>
<status status="PASS" start="2025-08-02T05:01:51.161896" elapsed="1.057945"/>
</kw>
<kw name="Close CRM Website" owner="common" type="TEARDOWN">
<kw name="Close All Browsers" owner="SeleniumLibrary">
<doc>Closes all open browsers and resets the browser cache.</doc>
<status status="PASS" start="2025-08-02T05:01:52.221843" elapsed="2.803444"/>
</kw>
<status status="PASS" start="2025-08-02T05:01:52.220844" elapsed="2.805439"/>
</kw>
<doc>Vérifie que la déconnexion fonctionne</doc>
<tag>functional</tag>
<tag>logout</tag>
<status status="PASS" start="2025-08-02T05:01:27.905801" elapsed="27.121299"/>
</test>
<test id="s1-t6" name="Test 1005: Customers Page Should Display Multiple Customers" line="49">
<kw name="Open CRM Website" owner="common" type="SETUP">
<kw name="Open Browser" owner="SeleniumLibrary">
<msg time="2025-08-02T05:01:55.036140" level="INFO">Opening browser 'chrome' to base url 'https://automationplayground.com/crm/'.</msg>
<arg>${URL}</arg>
<arg>${browser}</arg>
<doc>Opens a new browser instance to the optional ``url``.</doc>
<status status="PASS" start="2025-08-02T05:01:55.035138" elapsed="5.011723"/>
</kw>
<kw name="Maximize Browser Window" owner="SeleniumLibrary">
<doc>Maximizes current browser window.</doc>
<status status="PASS" start="2025-08-02T05:02:00.047855" elapsed="0.560736"/>
</kw>
<kw name="Set Selenium Speed" owner="SeleniumLibrary">
<arg>0.5 seconds</arg>
<doc>Sets the delay that is waited after each Selenium command.</doc>
<status status="PASS" start="2025-08-02T05:02:00.608591" elapsed="0.001003"/>
</kw>
<kw name="Set Selenium Timeout" owner="SeleniumLibrary">
<arg>10 seconds</arg>
<doc>Sets the timeout that is used by various keywords.</doc>
<status status="PASS" start="2025-08-02T05:02:00.609594" elapsed="0.502233"/>
</kw>
<status status="PASS" start="2025-08-02T05:01:55.034140" elapsed="6.078687"/>
</kw>
<kw name="Login To CRM" owner="common">
<kw name="Click Element" owner="SeleniumLibrary">
<msg time="2025-08-02T05:02:01.114822" level="INFO">Clicking element 'link:Sign In'.</msg>
<arg>${SIGNIN_LINK}</arg>
<doc>Click the element identified by ``locator``.</doc>
<status status="PASS" start="2025-08-02T05:02:01.114822" elapsed="1.993622"/>
</kw>
<kw name="Wait Until Page Contains" owner="SeleniumLibrary">
<arg>Sign In</arg>
<doc>Waits until ``text`` appears on the current page.</doc>
<status status="PASS" start="2025-08-02T05:02:03.109402" elapsed="0.549509"/>
</kw>
<kw name="Input Text" owner="SeleniumLibrary">
<msg time="2025-08-02T05:02:03.659790" level="INFO">Typing text 'admin@robotframeworkb2b.com' into text field 'id:email-id'.</msg>
<arg>${USERNAME_FIELD}</arg>
<arg>${username}</arg>
<doc>Types the given ``text`` into the text field identified by ``locator``.</doc>
<status status="PASS" start="2025-08-02T05:02:03.658911" elapsed="1.769459"/>
</kw>
<kw name="Input Text" owner="SeleniumLibrary">
<msg time="2025-08-02T05:02:05.431217" level="INFO">Typing text 'pwd' into text field 'id:password'.</msg>
<arg>${PASSWORD_FIELD}</arg>
<arg>${password}</arg>
<doc>Types the given ``text`` into the text field identified by ``locator``.</doc>
<status status="PASS" start="2025-08-02T05:02:05.429229" elapsed="1.699476"/>
</kw>
<kw name="Click Button" owner="SeleniumLibrary">
<msg time="2025-08-02T05:02:07.130706" level="INFO">Clicking button 'id:submit-id'.</msg>
<arg>${SUBMIT_BUTTON}</arg>
<doc>Clicks the button identified by ``locator``.</doc>
<status status="PASS" start="2025-08-02T05:02:07.129707" elapsed="2.745587"/>
</kw>
<kw name="Wait Until Page Contains" owner="SeleniumLibrary">
<arg>Our Happy Customers</arg>
<doc>Waits until ``text`` appears on the current page.</doc>
<status status="PASS" start="2025-08-02T05:02:09.877299" elapsed="0.705994"/>
</kw>
<arg>${VALID_USER}</arg>
<arg>${VALID_PASS}</arg>
<status status="PASS" start="2025-08-02T05:02:01.113823" elapsed="9.470471"/>
</kw>
<kw name="Get Element Count" owner="SeleniumLibrary">
<msg time="2025-08-02T05:02:11.125294" level="INFO">${count} = 7</msg>
<var>${count}</var>
<arg>css:#customers tr</arg>
<doc>Returns the number of elements matching ``locator``.</doc>
<status status="PASS" start="2025-08-02T05:02:10.585297" elapsed="0.539997"/>
</kw>
<kw name="Should Be True" owner="BuiltIn">
<arg>${count} &gt; 1</arg>
<doc>Fails if the given condition is not true.</doc>
<status status="PASS" start="2025-08-02T05:02:11.126294" elapsed="0.001000"/>
</kw>
<kw name="Close CRM Website" owner="common" type="TEARDOWN">
<kw name="Close All Browsers" owner="SeleniumLibrary">
<doc>Closes all open browsers and resets the browser cache.</doc>
<status status="PASS" start="2025-08-02T05:02:11.129294" elapsed="3.173508"/>
</kw>
<status status="PASS" start="2025-08-02T05:02:11.129294" elapsed="3.174358"/>
</kw>
<doc>Vérifie que la page clients affiche plusieurs clients</doc>
<tag>customers</tag>
<tag>smoke</tag>
<status status="PASS" start="2025-08-02T05:01:55.030151" elapsed="19.273740"/>
</test>
<test id="s1-t7" name="Test 1006: Should Be Able To Add New Customer" line="56">
<kw name="Open CRM Website" owner="common" type="SETUP">
<kw name="Open Browser" owner="SeleniumLibrary">
<msg time="2025-08-02T05:02:14.306252" level="INFO">Opening browser 'chrome' to base url 'https://automationplayground.com/crm/'.</msg>
<arg>${URL}</arg>
<arg>${browser}</arg>
<doc>Opens a new browser instance to the optional ``url``.</doc>
<status status="PASS" start="2025-08-02T05:02:14.306252" elapsed="5.013435"/>
</kw>
<kw name="Maximize Browser Window" owner="SeleniumLibrary">
<doc>Maximizes current browser window.</doc>
<status status="PASS" start="2025-08-02T05:02:19.319687" elapsed="0.578997"/>
</kw>
<kw name="Set Selenium Speed" owner="SeleniumLibrary">
<arg>0.5 seconds</arg>
<doc>Sets the delay that is waited after each Selenium command.</doc>
<status status="PASS" start="2025-08-02T05:02:19.898684" elapsed="0.001003"/>
</kw>
<kw name="Set Selenium Timeout" owner="SeleniumLibrary">
<arg>10 seconds</arg>
<doc>Sets the timeout that is used by various keywords.</doc>
<status status="PASS" start="2025-08-02T05:02:19.899687" elapsed="0.503411"/>
</kw>
<status status="PASS" start="2025-08-02T05:02:14.305254" elapsed="6.097844"/>
</kw>
<kw name="Login To CRM" owner="common">
<kw name="Click Element" owner="SeleniumLibrary">
<msg time="2025-08-02T05:02:20.406115" level="INFO">Clicking element 'link:Sign In'.</msg>
<arg>${SIGNIN_LINK}</arg>
<doc>Click the element identified by ``locator``.</doc>
<status status="PASS" start="2025-08-02T05:02:20.405101" elapsed="2.051851"/>
</kw>
<kw name="Wait Until Page Contains" owner="SeleniumLibrary">
<arg>Sign In</arg>
<doc>Waits until ``text`` appears on the current page.</doc>
<status status="PASS" start="2025-08-02T05:02:22.457936" elapsed="0.560977"/>
</kw>
<kw name="Input Text" owner="SeleniumLibrary">
<msg time="2025-08-02T05:02:23.020773" level="INFO">Typing text 'admin@robotframeworkb2b.com' into text field 'id:email-id'.</msg>
<arg>${USERNAME_FIELD}</arg>
<arg>${username}</arg>
<doc>Types the given ``text`` into the text field identified by ``locator``.</doc>
<status status="PASS" start="2025-08-02T05:02:23.019777" elapsed="1.752199"/>
</kw>
<kw name="Input Text" owner="SeleniumLibrary">
<msg time="2025-08-02T05:02:24.774844" level="INFO">Typing text 'pwd' into text field 'id:password'.</msg>
<arg>${PASSWORD_FIELD}</arg>
<arg>${password}</arg>
<doc>Types the given ``text`` into the text field identified by ``locator``.</doc>
<status status="PASS" start="2025-08-02T05:02:24.772840" elapsed="1.707391"/>
</kw>
<kw name="Click Button" owner="SeleniumLibrary">
<msg time="2025-08-02T05:02:26.481234" level="INFO">Clicking button 'id:submit-id'.</msg>
<arg>${SUBMIT_BUTTON}</arg>
<doc>Clicks the button identified by ``locator``.</doc>
<status status="PASS" start="2025-08-02T05:02:26.480231" elapsed="3.090527"/>
</kw>
<kw name="Wait Until Page Contains" owner="SeleniumLibrary">
<arg>Our Happy Customers</arg>
<doc>Waits until ``text`` appears on the current page.</doc>
<status status="PASS" start="2025-08-02T05:02:29.570758" elapsed="0.750000"/>
</kw>
<arg>${VALID_USER}</arg>
<arg>${VALID_PASS}</arg>
<status status="PASS" start="2025-08-02T05:02:20.404100" elapsed="9.917659"/>
</kw>
<kw name="Click Element" owner="SeleniumLibrary">
<msg time="2025-08-02T05:02:30.334760" level="INFO">Clicking element 'id:new-customer'.</msg>
<arg>${NEW_CUSTOMER_BUTTON}</arg>
<doc>Click the element identified by ``locator``.</doc>
<status status="PASS" start="2025-08-02T05:02:30.332758" elapsed="3.905056"/>
</kw>
<kw name="Fill Customer Form" owner="common">
<kw name="Input Text" owner="SeleniumLibrary">
<msg time="2025-08-02T05:02:34.403815" level="INFO">Typing text 'test@test.com' into text field 'id:EmailAddress'.</msg>
<arg>${EMAIL_FIELD}</arg>
<arg>${email}</arg>
<doc>Types the given ``text`` into the text field identified by ``locator``.</doc>
<status status="PASS" start="2025-08-02T05:02:34.402815" elapsed="2.383999"/>
</kw>
<kw name="Input Text" owner="SeleniumLibrary">
<msg time="2025-08-02T05:02:36.788818" level="INFO">Typing text 'John' into text field 'id:FirstName'.</msg>
<arg>${FIRST_NAME_FIELD}</arg>
<arg>${firstname}</arg>
<doc>Types the given ``text`` into the text field identified by ``locator``.</doc>
<status status="PASS" start="2025-08-02T05:02:36.787816" elapsed="1.918049"/>
</kw>
<kw name="Input Text" owner="SeleniumLibrary">
<msg time="2025-08-02T05:02:38.706869" level="INFO">Typing text 'Doe' into text field 'id:LastName'.</msg>
<arg>${LAST_NAME_FIELD}</arg>
<arg>${lastname}</arg>
<doc>Types the given ``text`` into the text field identified by ``locator``.</doc>
<status status="PASS" start="2025-08-02T05:02:38.705865" elapsed="1.763000"/>
</kw>
<kw name="Input Text" owner="SeleniumLibrary">
<msg time="2025-08-02T05:02:40.469869" level="INFO">Typing text 'TestCity' into text field 'id:City'.</msg>
<arg>${CITY_FIELD}</arg>
<arg>${city}</arg>
<doc>Types the given ``text`` into the text field identified by ``locator``.</doc>
<status status="PASS" start="2025-08-02T05:02:40.468865" elapsed="1.831050"/>
</kw>
<kw name="Select From List By Value" owner="SeleniumLibrary">
<msg time="2025-08-02T05:02:42.300915" level="INFO">Selecting options from selection list 'id:StateOrRegion' by value AL.</msg>
<arg>${STATE_DROPDOWN}</arg>
<arg>${state}</arg>
<doc>Selects options from selection list ``locator`` by ``values``.</doc>
<status status="PASS" start="2025-08-02T05:02:42.299915" elapsed="4.333040"/>
</kw>
<kw name="Run Keyword If" owner="BuiltIn">
<kw name="Click Element" owner="SeleniumLibrary">
<msg time="2025-08-02T05:02:46.634957" level="INFO">Clicking element 'css:input[name='gender'][value='male']'.</msg>
<arg>${GENDER_MALE_RADIO}</arg>
<doc>Click the element identified by ``locator``.</doc>
<status status="PASS" start="2025-08-02T05:02:46.634957" elapsed="1.251060"/>
</kw>
<arg>'${gender}' == 'male'</arg>
<arg>Click Element</arg>
<arg>${GENDER_MALE_RADIO}</arg>
<arg>ELSE</arg>
<arg>Click Element</arg>
<arg>${GENDER_FEMALE_RADIO}</arg>
<doc>Runs the given keyword with the given arguments, if ``condition`` is true.</doc>
<status status="PASS" start="2025-08-02T05:02:46.633957" elapsed="1.253059"/>
</kw>
<kw name="Run Keyword If" owner="BuiltIn">
<kw name="Select Checkbox" owner="SeleniumLibrary">
<msg time="2025-08-02T05:02:47.889014" level="INFO">Selecting checkbox 'id:promos-name'.</msg>
<msg time="2025-08-02T05:02:49.095016" level="INFO" html="true">&lt;/td&gt;&lt;/tr&gt;&lt;tr&gt;&lt;td colspan="3"&gt;&lt;a href="selenium-screenshot-6.png"&gt;&lt;img src="selenium-screenshot-6.png" width="800px"&gt;&lt;/a&gt;</msg>
<msg time="2025-08-02T05:02:49.095016" level="FAIL">Checkbox with locator 'id:promos-name' not found.</msg>
<arg>${PROMO_CHECKBOX}</arg>
<doc>Selects the checkbox identified by ``locator``.</doc>
<status status="FAIL" start="2025-08-02T05:02:47.888015" elapsed="1.208997">Checkbox with locator 'id:promos-name' not found.</status>
</kw>
<arg>${promo}</arg>
<arg>Select Checkbox</arg>
<arg>${PROMO_CHECKBOX}</arg>
<doc>Runs the given keyword with the given arguments, if ``condition`` is true.</doc>
<status status="FAIL" start="2025-08-02T05:02:47.887016" elapsed="1.209996">Checkbox with locator 'id:promos-name' not found.</status>
</kw>
<arg>email=test@test.com</arg>
<arg>firstname=John</arg>
<arg>lastname=Doe</arg>
<arg>city=TestCity</arg>
<arg>state=AL</arg>
<arg>gender=male</arg>
<arg>promo=True</arg>
<status status="FAIL" start="2025-08-02T05:02:34.382812" elapsed="14.715202">Checkbox with locator 'id:promos-name' not found.</status>
</kw>
<kw name="Click Button" owner="SeleniumLibrary">
<arg>${SUBMIT_CUSTOMER_BUTTON}</arg>
<doc>Clicks the button identified by ``locator``.</doc>
<status status="NOT RUN" start="2025-08-02T05:02:49.098014" elapsed="0.000000"/>
</kw>
<kw name="Wait Until Page Contains" owner="SeleniumLibrary">
<arg>Our Happy Customers</arg>
<doc>Waits until ``text`` appears on the current page.</doc>
<status status="NOT RUN" start="2025-08-02T05:02:49.099014" elapsed="0.000000"/>
</kw>
<kw name="Close CRM Website" owner="common" type="TEARDOWN">
<kw name="Close All Browsers" owner="SeleniumLibrary">
<doc>Closes all open browsers and resets the browser cache.</doc>
<status status="PASS" start="2025-08-02T05:02:49.101013" elapsed="3.480611"/>
</kw>
<status status="PASS" start="2025-08-02T05:02:49.100014" elapsed="3.481610"/>
</kw>
<doc>Vérifie qu'on peut ajouter un nouveau client</doc>
<tag>customers</tag>
<tag>smoke</tag>
<status status="FAIL" start="2025-08-02T05:02:14.304237" elapsed="38.278390">Checkbox with locator 'id:promos-name' not found.</status>
</test>
<test id="s1-t8" name="Test 1007: Should Be Able To Cancel Adding New Customer" line="72">
<kw name="Open CRM Website" owner="common" type="SETUP">
<kw name="Open Browser" owner="SeleniumLibrary">
<msg time="2025-08-02T05:02:52.588625" level="INFO">Opening browser 'chrome' to base url 'https://automationplayground.com/crm/'.</msg>
<arg>${URL}</arg>
<arg>${browser}</arg>
<doc>Opens a new browser instance to the optional ``url``.</doc>
<status status="PASS" start="2025-08-02T05:02:52.587623" elapsed="8.262053"/>
</kw>
<kw name="Maximize Browser Window" owner="SeleniumLibrary">
<doc>Maximizes current browser window.</doc>
<status status="PASS" start="2025-08-02T05:03:00.850678" elapsed="0.744999"/>
</kw>
<kw name="Set Selenium Speed" owner="SeleniumLibrary">
<arg>0.5 seconds</arg>
<doc>Sets the delay that is waited after each Selenium command.</doc>
<status status="PASS" start="2025-08-02T05:03:01.596680" elapsed="0.000000"/>
</kw>
<kw name="Set Selenium Timeout" owner="SeleniumLibrary">
<arg>10 seconds</arg>
<doc>Sets the timeout that is used by various keywords.</doc>
<status status="PASS" start="2025-08-02T05:03:01.597682" elapsed="0.515996"/>
</kw>
<status status="PASS" start="2025-08-02T05:02:52.586627" elapsed="9.528053"/>
</kw>
<kw name="Login To CRM" owner="common">
<kw name="Click Element" owner="SeleniumLibrary">
<msg time="2025-08-02T05:03:02.122678" level="INFO">Clicking element 'link:Sign In'.</msg>
<arg>${SIGNIN_LINK}</arg>
<doc>Click the element identified by ``locator``.</doc>
<status status="PASS" start="2025-08-02T05:03:02.121678" elapsed="2.182997"/>
</kw>
<kw name="Wait Until Page Contains" owner="SeleniumLibrary">
<arg>Sign In</arg>
<doc>Waits until ``text`` appears on the current page.</doc>
<status status="PASS" start="2025-08-02T05:03:04.304675" elapsed="0.545001"/>
</kw>
<kw name="Input Text" owner="SeleniumLibrary">
<msg time="2025-08-02T05:03:04.851679" level="INFO">Typing text 'admin@robotframeworkb2b.com' into text field 'id:email-id'.</msg>
<arg>${USERNAME_FIELD}</arg>
<arg>${username}</arg>
<doc>Types the given ``text`` into the text field identified by ``locator``.</doc>
<status status="PASS" start="2025-08-02T05:03:04.850686" elapsed="1.980989"/>
</kw>
<kw name="Input Text" owner="SeleniumLibrary">
<msg time="2025-08-02T05:03:06.833679" level="INFO">Typing text 'pwd' into text field 'id:password'.</msg>
<arg>${PASSWORD_FIELD}</arg>
<arg>${password}</arg>
<doc>Types the given ``text`` into the text field identified by ``locator``.</doc>
<status status="PASS" start="2025-08-02T05:03:06.831675" elapsed="1.781000"/>
</kw>
<kw name="Click Button" owner="SeleniumLibrary">
<msg time="2025-08-02T05:03:08.613679" level="INFO">Clicking button 'id:submit-id'.</msg>
<arg>${SUBMIT_BUTTON}</arg>
<doc>Clicks the button identified by ``locator``.</doc>
<status status="PASS" start="2025-08-02T05:03:08.612675" elapsed="4.967904"/>
</kw>
<kw name="Wait Until Page Contains" owner="SeleniumLibrary">
<arg>Our Happy Customers</arg>
<doc>Waits until ``text`` appears on the current page.</doc>
<status status="PASS" start="2025-08-02T05:03:13.580579" elapsed="0.625002"/>
</kw>
<arg>${VALID_USER}</arg>
<arg>${VALID_PASS}</arg>
<status status="PASS" start="2025-08-02T05:03:02.119678" elapsed="12.085903"/>
</kw>
<kw name="Click Element" owner="SeleniumLibrary">
<msg time="2025-08-02T05:03:14.226577" level="INFO">Clicking element 'id:new-customer'.</msg>
<arg>${NEW_CUSTOMER_BUTTON}</arg>
<doc>Click the element identified by ``locator``.</doc>
<status status="PASS" start="2025-08-02T05:03:14.225576" elapsed="3.712008"/>
</kw>
<kw name="Click Element" owner="SeleniumLibrary">
<msg time="2025-08-02T05:03:17.995576" level="INFO">Clicking element 'link:Cancel'.</msg>
<arg>${CANCEL_BUTTON}</arg>
<doc>Click the element identified by ``locator``.</doc>
<status status="PASS" start="2025-08-02T05:03:17.986576" elapsed="2.266602"/>
</kw>
<kw name="Page Should Contain" owner="SeleniumLibrary">
<msg time="2025-08-02T05:03:21.317180" level="INFO">Current page contains text 'Our Happy Customers'.</msg>
<arg>Our Happy Customers</arg>
<doc>Verifies that current page contains ``text``.</doc>
<status status="PASS" start="2025-08-02T05:03:20.278177" elapsed="1.039003"/>
</kw>
<kw name="Close CRM Website" owner="common" type="TEARDOWN">
<kw name="Close All Browsers" owner="SeleniumLibrary">
<doc>Closes all open browsers and resets the browser cache.</doc>
<status status="PASS" start="2025-08-02T05:03:21.381179" elapsed="5.398166"/>
</kw>
<status status="PASS" start="2025-08-02T05:03:21.380178" elapsed="5.399167"/>
</kw>
<doc>Vérifie qu'on peut annuler l'ajout d'un client</doc>
<tag>customers</tag>
<tag>functional</tag>
<status status="PASS" start="2025-08-02T05:02:52.584628" elapsed="34.195722"/>
</test>
<status status="FAIL" start="2025-08-02T05:00:02.323911" elapsed="204.457436"/>
</suite>
<statistics>
<total>
<stat pass="6" fail="2" skip="0">All Tests</stat>
</total>
<tag>
<stat pass="2" fail="1" skip="0">customers</stat>
<stat pass="3" fail="1" skip="0">functional</stat>
<stat pass="1" fail="0" skip="0">home</stat>
<stat pass="2" fail="1" skip="0">login</stat>
<stat pass="1" fail="0" skip="0">logout</stat>
<stat pass="3" fail="1" skip="0">smoke</stat>
</tag>
<suite>
<stat name="Ui Tests" id="s1" pass="6" fail="2" skip="0">Ui Tests</stat>
</suite>
</statistics>
<errors>
</errors>
</robot>
